============================= test session starts ==============================
platform linux -- Python 3.11.13, pytest-7.4.4, pluggy-1.6.0 -- /home/ec2-user/projects/shared/claude_team_sdk/examples/sdlc_team/maestro_ml/.venv/bin/python
cachedir: .pytest_cache
rootdir: /home/ec2-user/projects/shared/claude_team_sdk/examples/sdlc_team/maestro_ml
configfile: pytest.ini
plugins: anyio-3.7.1, hydra-core-1.3.2, asyncio-0.21.2, cov-4.1.0
asyncio: mode=Mode.AUTO
collecting ... collected 60 items / 1 error

==================================== ERRORS ====================================
____________________ ERROR collecting tests/test_config.py _____________________
E   ModuleNotFoundError: No module named 'config.config_loader'; 'config' is not a package

During handling of the above exception, another exception occurred:
E   SystemExit: 1
------------------------------- Captured stdout --------------------------------
‚ùå Failed to import config_loader: No module named 'config.config_loader'; 'config' is not a package
=============================== warnings summary ===============================
.venv/lib/python3.11/site-packages/pydantic/_internal/_config.py:323
.venv/lib/python3.11/site-packages/pydantic/_internal/_config.py:323
  /home/ec2-user/projects/shared/claude_team_sdk/examples/sdlc_team/maestro_ml/.venv/lib/python3.11/site-packages/pydantic/_internal/_config.py:323: PydanticDeprecatedSince20: Support for class-based `config` is deprecated, use ConfigDict instead. Deprecated in Pydantic V2.0 to be removed in V3.0. See Pydantic V2 Migration Guide at https://errors.pydantic.dev/2.11/migration/
    warnings.warn(DEPRECATION_MESSAGE, DeprecationWarning)

.venv/lib/python3.11/site-packages/pydantic/fields.py:1093: 18 warnings
  /home/ec2-user/projects/shared/claude_team_sdk/examples/sdlc_team/maestro_ml/.venv/lib/python3.11/site-packages/pydantic/fields.py:1093: PydanticDeprecatedSince20: Using extra keyword arguments on `Field` is deprecated and will be removed. Use `json_schema_extra` instead. (Extra keys: 'env'). Deprecated in Pydantic V2.0 to be removed in V3.0. See Pydantic V2 Migration Guide at https://errors.pydantic.dev/2.11/migration/
    warn(

.venv/lib/python3.11/site-packages/_pytest/config/__init__.py:1373
  /home/ec2-user/projects/shared/claude_team_sdk/examples/sdlc_team/maestro_ml/.venv/lib/python3.11/site-packages/_pytest/config/__init__.py:1373: PytestConfigWarning: Unknown config option: import-mode
  
    self._warn_or_fail_if_strict(f"Unknown config option: {key}\n")

tests/integration/test_phase1_smoke.py:12
  /home/ec2-user/projects/shared/claude_team_sdk/examples/sdlc_team/maestro_ml/tests/integration/test_phase1_smoke.py:12: PytestUnknownMarkWarning: Unknown pytest.mark.smoke - is this a typo?  You can register custom marks to avoid this warning - for details, see https://docs.pytest.org/en/stable/how-to/mark.html
    @pytest.mark.smoke

tests/integration/test_phase1_smoke.py:34
  /home/ec2-user/projects/shared/claude_team_sdk/examples/sdlc_team/maestro_ml/tests/integration/test_phase1_smoke.py:34: PytestUnknownMarkWarning: Unknown pytest.mark.smoke - is this a typo?  You can register custom marks to avoid this warning - for details, see https://docs.pytest.org/en/stable/how-to/mark.html
    @pytest.mark.smoke

tests/integration/test_phase1_smoke.py:48
  /home/ec2-user/projects/shared/claude_team_sdk/examples/sdlc_team/maestro_ml/tests/integration/test_phase1_smoke.py:48: PytestUnknownMarkWarning: Unknown pytest.mark.smoke - is this a typo?  You can register custom marks to avoid this warning - for details, see https://docs.pytest.org/en/stable/how-to/mark.html
    @pytest.mark.smoke

tests/integration/test_phase1_smoke.py:71
  /home/ec2-user/projects/shared/claude_team_sdk/examples/sdlc_team/maestro_ml/tests/integration/test_phase1_smoke.py:71: PytestUnknownMarkWarning: Unknown pytest.mark.smoke - is this a typo?  You can register custom marks to avoid this warning - for details, see https://docs.pytest.org/en/stable/how-to/mark.html
    @pytest.mark.smoke

tests/integration/test_phase1_smoke.py:94
  /home/ec2-user/projects/shared/claude_team_sdk/examples/sdlc_team/maestro_ml/tests/integration/test_phase1_smoke.py:94: PytestUnknownMarkWarning: Unknown pytest.mark.smoke - is this a typo?  You can register custom marks to avoid this warning - for details, see https://docs.pytest.org/en/stable/how-to/mark.html
    @pytest.mark.smoke

tests/integration/test_phase1_smoke.py:108
  /home/ec2-user/projects/shared/claude_team_sdk/examples/sdlc_team/maestro_ml/tests/integration/test_phase1_smoke.py:108: PytestUnknownMarkWarning: Unknown pytest.mark.smoke - is this a typo?  You can register custom marks to avoid this warning - for details, see https://docs.pytest.org/en/stable/how-to/mark.html
    @pytest.mark.smoke

tests/integration/test_phase1_smoke.py:122
  /home/ec2-user/projects/shared/claude_team_sdk/examples/sdlc_team/maestro_ml/tests/integration/test_phase1_smoke.py:122: PytestUnknownMarkWarning: Unknown pytest.mark.smoke - is this a typo?  You can register custom marks to avoid this warning - for details, see https://docs.pytest.org/en/stable/how-to/mark.html
    @pytest.mark.smoke

tests/integration/test_phase1_smoke.py:146
  /home/ec2-user/projects/shared/claude_team_sdk/examples/sdlc_team/maestro_ml/tests/integration/test_phase1_smoke.py:146: PytestUnknownMarkWarning: Unknown pytest.mark.smoke - is this a typo?  You can register custom marks to avoid this warning - for details, see https://docs.pytest.org/en/stable/how-to/mark.html
    @pytest.mark.smoke

-- Docs: https://docs.pytest.org/en/stable/how-to/capture-warnings.html
=========================== short test summary info ============================
ERROR tests/test_config.py - SystemExit: 1
!!!!!!!!!!!!!!!!!!!! Interrupted: 1 error during collection !!!!!!!!!!!!!!!!!!!!
======================== 29 warnings, 1 error in 0.49s =========================
