{"meta": {"format": 3, "version": "7.10.7", "timestamp": "2025-10-15T20:45:16.960168", "branch_coverage": true, "show_contexts": false}, "files": {"app.py": {"executed_lines": [2, 10, 11, 12, 13, 14, 15, 16, 17, 18, 20, 21, 22, 23, 24, 25, 26, 27, 28, 29, 30, 31, 34, 35, 36, 37, 38, 39, 40, 41, 42, 43, 44, 47, 64, 67, 70, 71, 72, 73, 74, 77, 80, 81, 82, 83, 84, 85, 86, 88, 89, 90, 91, 92, 93, 94, 96, 97, 98, 99, 100, 101, 102, 103, 104, 105, 106, 107, 108, 109, 110, 111, 112, 114, 115, 116, 134, 135, 136, 137, 138, 139, 140, 142, 143, 144, 145, 146, 147, 149, 150, 151, 152, 153, 154, 155, 156, 159, 226, 227, 228, 229, 231, 232, 329, 336, 340, 344, 349, 390, 391, 392, 396, 404, 405, 407, 408, 410, 413, 414, 419, 425, 428, 429, 430, 431, 432, 433, 436, 437, 438, 441, 442, 456, 457, 466, 467, 472, 473, 565, 566, 588, 589, 619, 620, 638, 639, 643, 644, 669, 670, 715, 755, 762, 766, 771, 780, 795], "summary": {"covered_lines": 150, "num_statements": 320, "percent_covered": 40.42553191489362, "percent_covered_display": "40.43", "missing_lines": 170, "excluded_lines": 3, "num_branches": 56, "num_partial_branches": 2, "covered_branches": 2, "missing_branches": 54}, "missing_lines": [119, 120, 121, 123, 124, 126, 127, 129, 131, 132, 236, 239, 240, 241, 242, 243, 244, 245, 246, 249, 250, 251, 252, 253, 254, 256, 259, 260, 261, 262, 263, 264, 265, 266, 269, 270, 271, 277, 278, 280, 281, 282, 283, 284, 285, 286, 289, 290, 293, 296, 297, 298, 299, 300, 308, 309, 310, 311, 312, 316, 317, 319, 322, 323, 324, 325, 326, 331, 332, 333, 334, 338, 342, 346, 394, 444, 445, 446, 447, 459, 469, 479, 482, 483, 484, 486, 491, 493, 519, 528, 529, 530, 537, 538, 539, 547, 550, 552, 554, 561, 562, 563, 572, 573, 575, 576, 577, 579, 580, 581, 583, 585, 586, 591, 592, 593, 596, 601, 606, 612, 626, 632, 636, 641, 646, 653, 660, 661, 662, 663, 664, 665, 667, 672, 673, 678, 692, 699, 703, 705, 717, 720, 725, 726, 727, 732, 735, 736, 737, 743, 744, 745, 751, 753, 757, 764, 769, 773, 774, 776, 777, 778, 782, 783, 785, 786, 787, 791, 792, 793], "excluded_lines": [795, 796, 797], "executed_branches": [[391, 392], [437, 438]], "missing_branches": [[119, 120], [119, 121], [121, 123], [121, 124], [124, 126], [124, 127], [127, 129], [127, 131], [270, 271], [270, 280], [296, 297], [296, 316], [308, 309], [308, 316], [309, 310], [309, 316], [322, 323], [322, 324], [324, 325], [324, 326], [331, 332], [331, 333], [391, 394], [437, 441], [445, 446], [445, 447], [483, 484], [483, 491], [529, 530], [529, 537], [538, 539], [538, 547], [575, 576], [575, 579], [579, 580], [579, 583], [592, 593], [592, 596], [660, 661], [660, 667], [662, 660], [662, 663], [663, 662], [663, 664], [725, 726], [725, 735], [735, 736], [735, 753], [736, 735], [736, 737], [743, 735], [743, 744], [785, 786], [785, 791]], "functions": {"ServiceRegistration.validate_port_range": {"executed_lines": [], "summary": {"covered_lines": 0, "num_statements": 10, "percent_covered": 0.0, "percent_covered_display": "0.00", "missing_lines": 10, "excluded_lines": 0, "num_branches": 8, "num_partial_branches": 0, "covered_branches": 0, "missing_branches": 8}, "missing_lines": [119, 120, 121, 123, 124, 126, 127, 129, 131, 132], "excluded_lines": [], "executed_branches": [], "missing_branches": [[119, 120], [119, 121], [121, 123], [121, 124], [124, 126], [124, 127], [127, 129], [127, 131]]}, "lifespan": {"executed_lines": [], "summary": {"covered_lines": 0, "num_statements": 57, "percent_covered": 0.0, "percent_covered_display": "0.00", "missing_lines": 57, "excluded_lines": 0, "num_branches": 12, "num_partial_branches": 0, "covered_branches": 0, "missing_branches": 12}, "missing_lines": [236, 239, 240, 241, 242, 243, 244, 245, 246, 249, 250, 251, 252, 253, 254, 256, 259, 260, 261, 262, 263, 264, 265, 266, 269, 270, 271, 277, 278, 280, 281, 282, 283, 284, 285, 286, 289, 290, 293, 296, 297, 298, 299, 300, 308, 309, 310, 311, 312, 316, 317, 319, 322, 323, 324, 325, 326], "excluded_lines": [], "executed_branches": [], "missing_branches": [[270, 271], [270, 280], [296, 297], [296, 316], [308, 309], [308, 316], [309, 310], [309, 316], [322, 323], [322, 324], [324, 325], [324, 326]]}, "get_db": {"executed_lines": [], "summary": {"covered_lines": 0, "num_statements": 4, "percent_covered": 0.0, "percent_covered_display": "0.00", "missing_lines": 4, "excluded_lines": 0, "num_branches": 2, "num_partial_branches": 0, "covered_branches": 0, "missing_branches": 2}, "missing_lines": [331, 332, 333, 334], "excluded_lines": [], "executed_branches": [], "missing_branches": [[331, 332], [331, 333]]}, "get_redis": {"executed_lines": [], "summary": {"covered_lines": 0, "num_statements": 1, "percent_covered": 0.0, "percent_covered_display": "0.00", "missing_lines": 1, "excluded_lines": 0, "num_branches": 0, "num_partial_branches": 0, "covered_branches": 0, "missing_branches": 0}, "missing_lines": [338], "excluded_lines": [], "executed_branches": [], "missing_branches": []}, "get_git_manager": {"executed_lines": [], "summary": {"covered_lines": 0, "num_statements": 1, "percent_covered": 0.0, "percent_covered_display": "0.00", "missing_lines": 1, "excluded_lines": 0, "num_branches": 0, "num_partial_branches": 0, "covered_branches": 0, "missing_branches": 0}, "missing_lines": [342], "excluded_lines": [], "executed_branches": [], "missing_branches": []}, "get_cache_manager": {"executed_lines": [], "summary": {"covered_lines": 0, "num_statements": 1, "percent_covered": 0.0, "percent_covered_display": "0.00", "missing_lines": 1, "excluded_lines": 0, "num_branches": 0, "num_partial_branches": 0, "covered_branches": 0, "missing_branches": 0}, "missing_lines": [346], "excluded_lines": [], "executed_branches": [], "missing_branches": []}, "metrics_middleware": {"executed_lines": [407, 408, 410, 413, 414, 419, 425], "summary": {"covered_lines": 7, "num_statements": 7, "percent_covered": 100.0, "percent_covered_display": "100.00", "missing_lines": 0, "excluded_lines": 0, "num_branches": 0, "num_partial_branches": 0, "covered_branches": 0, "missing_branches": 0}, "missing_lines": [], "excluded_lines": [], "executed_branches": [], "missing_branches": []}, "serve_frontend": {"executed_lines": [], "summary": {"covered_lines": 0, "num_statements": 4, "percent_covered": 0.0, "percent_covered_display": "0.00", "missing_lines": 4, "excluded_lines": 0, "num_branches": 2, "num_partial_branches": 0, "covered_branches": 0, "missing_branches": 2}, "missing_lines": [444, 445, 446, 447], "excluded_lines": [], "executed_branches": [], "missing_branches": [[445, 446], [445, 447]]}, "health_check": {"executed_lines": [], "summary": {"covered_lines": 0, "num_statements": 1, "percent_covered": 0.0, "percent_covered_display": "0.00", "missing_lines": 1, "excluded_lines": 0, "num_branches": 0, "num_partial_branches": 0, "covered_branches": 0, "missing_branches": 0}, "missing_lines": [459], "excluded_lines": [], "executed_branches": [], "missing_branches": []}, "metrics": {"executed_lines": [], "summary": {"covered_lines": 0, "num_statements": 1, "percent_covered": 0.0, "percent_covered_display": "0.00", "missing_lines": 1, "excluded_lines": 0, "num_branches": 0, "num_partial_branches": 0, "covered_branches": 0, "missing_branches": 0}, "missing_lines": [469], "excluded_lines": [], "executed_branches": [], "missing_branches": []}, "register_service": {"executed_lines": [], "summary": {"covered_lines": 0, "num_statements": 21, "percent_covered": 0.0, "percent_covered_display": "0.00", "missing_lines": 21, "excluded_lines": 0, "num_branches": 6, "num_partial_branches": 0, "covered_branches": 0, "missing_branches": 6}, "missing_lines": [479, 482, 483, 484, 486, 491, 493, 519, 528, 529, 530, 537, 538, 539, 547, 550, 552, 554, 561, 562, 563], "excluded_lines": [], "executed_branches": [], "missing_branches": [[483, 484], [483, 491], [529, 530], [529, 537], [538, 539], [538, 547]]}, "list_services": {"executed_lines": [], "summary": {"covered_lines": 0, "num_statements": 11, "percent_covered": 0.0, "percent_covered_display": "0.00", "missing_lines": 11, "excluded_lines": 0, "num_branches": 4, "num_partial_branches": 0, "covered_branches": 0, "missing_branches": 4}, "missing_lines": [572, 573, 575, 576, 577, 579, 580, 581, 583, 585, 586], "excluded_lines": [], "executed_branches": [], "missing_branches": [[575, 576], [575, 579], [579, 580], [579, 583]]}, "get_service": {"executed_lines": [], "summary": {"covered_lines": 0, "num_statements": 7, "percent_covered": 0.0, "percent_covered_display": "0.00", "missing_lines": 7, "excluded_lines": 0, "num_branches": 2, "num_partial_branches": 0, "covered_branches": 0, "missing_branches": 2}, "missing_lines": [591, 592, 593, 596, 601, 606, 612], "excluded_lines": [], "executed_branches": [], "missing_branches": [[592, 593], [592, 596]]}, "update_service_health": {"executed_lines": [], "summary": {"covered_lines": 0, "num_statements": 3, "percent_covered": 0.0, "percent_covered_display": "0.00", "missing_lines": 3, "excluded_lines": 0, "num_branches": 0, "num_partial_branches": 0, "covered_branches": 0, "missing_branches": 0}, "missing_lines": [626, 632, 636], "excluded_lines": [], "executed_branches": [], "missing_branches": []}, "check_service_conflicts": {"executed_lines": [], "summary": {"covered_lines": 0, "num_statements": 1, "percent_covered": 0.0, "percent_covered_display": "0.00", "missing_lines": 1, "excluded_lines": 0, "num_branches": 0, "num_partial_branches": 0, "covered_branches": 0, "missing_branches": 0}, "missing_lines": [641], "excluded_lines": [], "executed_branches": [], "missing_branches": []}, "get_port_allocations": {"executed_lines": [], "summary": {"covered_lines": 0, "num_statements": 9, "percent_covered": 0.0, "percent_covered_display": "0.00", "missing_lines": 9, "excluded_lines": 0, "num_branches": 6, "num_partial_branches": 0, "covered_branches": 0, "missing_branches": 6}, "missing_lines": [646, 653, 660, 661, 662, 663, 664, 665, 667], "excluded_lines": [], "executed_branches": [], "missing_branches": [[660, 661], [660, 667], [662, 660], [662, 663], [663, 662], [663, 664]]}, "get_registry_stats": {"executed_lines": [], "summary": {"covered_lines": 0, "num_statements": 7, "percent_covered": 0.0, "percent_covered_display": "0.00", "missing_lines": 7, "excluded_lines": 0, "num_branches": 0, "num_partial_branches": 0, "covered_branches": 0, "missing_branches": 0}, "missing_lines": [672, 673, 678, 692, 699, 703, 705], "excluded_lines": [], "executed_branches": [], "missing_branches": []}, "check_conflicts": {"executed_lines": [], "summary": {"covered_lines": 0, "num_statements": 14, "percent_covered": 0.0, "percent_covered_display": "0.00", "missing_lines": 14, "excluded_lines": 0, "num_branches": 8, "num_partial_branches": 0, "covered_branches": 0, "missing_branches": 8}, "missing_lines": [717, 720, 725, 726, 727, 732, 735, 736, 737, 743, 744, 745, 751, 753], "excluded_lines": [], "executed_branches": [], "missing_branches": [[725, 726], [725, 735], [735, 736], [735, 753], [736, 735], [736, 737], [743, 735], [743, 744]]}, "get_active_service_count": {"executed_lines": [], "summary": {"covered_lines": 0, "num_statements": 1, "percent_covered": 0.0, "percent_covered_display": "0.00", "missing_lines": 1, "excluded_lines": 0, "num_branches": 0, "num_partial_branches": 0, "covered_branches": 0, "missing_branches": 0}, "missing_lines": [757], "excluded_lines": [], "executed_branches": [], "missing_branches": []}, "get_dependency_complexity": {"executed_lines": [], "summary": {"covered_lines": 0, "num_statements": 1, "percent_covered": 0.0, "percent_covered_display": "0.00", "missing_lines": 1, "excluded_lines": 0, "num_branches": 0, "num_partial_branches": 0, "covered_branches": 0, "missing_branches": 0}, "missing_lines": [764], "excluded_lines": [], "executed_branches": [], "missing_branches": []}, "validate_service_integration": {"executed_lines": [], "summary": {"covered_lines": 0, "num_statements": 1, "percent_covered": 0.0, "percent_covered_display": "0.00", "missing_lines": 1, "excluded_lines": 0, "num_branches": 0, "num_partial_branches": 0, "covered_branches": 0, "missing_branches": 0}, "missing_lines": [769], "excluded_lines": [], "executed_branches": [], "missing_branches": []}, "health_check_monitor": {"executed_lines": [], "summary": {"covered_lines": 0, "num_statements": 5, "percent_covered": 0.0, "percent_covered_display": "0.00", "missing_lines": 5, "excluded_lines": 0, "num_branches": 0, "num_partial_branches": 0, "covered_branches": 0, "missing_branches": 0}, "missing_lines": [773, 774, 776, 777, 778], "excluded_lines": [], "executed_branches": [], "missing_branches": []}, "cleanup_stale_services": {"executed_lines": [], "summary": {"covered_lines": 0, "num_statements": 8, "percent_covered": 0.0, "percent_covered_display": "0.00", "missing_lines": 8, "excluded_lines": 0, "num_branches": 2, "num_partial_branches": 0, "covered_branches": 0, "missing_branches": 2}, "missing_lines": [782, 783, 785, 786, 787, 791, 792, 793], "excluded_lines": [], "executed_branches": [], "missing_branches": [[785, 786], [785, 791]]}, "": {"executed_lines": [2, 10, 11, 12, 13, 14, 15, 16, 17, 18, 20, 21, 22, 23, 24, 25, 26, 27, 28, 29, 30, 31, 34, 35, 36, 37, 38, 39, 40, 41, 42, 43, 44, 47, 64, 67, 70, 71, 72, 73, 74, 77, 80, 81, 82, 83, 84, 85, 86, 88, 89, 90, 91, 92, 93, 94, 96, 97, 98, 99, 100, 101, 102, 103, 104, 105, 106, 107, 108, 109, 110, 111, 112, 114, 115, 116, 134, 135, 136, 137, 138, 139, 140, 142, 143, 144, 145, 146, 147, 149, 150, 151, 152, 153, 154, 155, 156, 159, 226, 227, 228, 229, 231, 232, 329, 336, 340, 344, 349, 390, 391, 392, 396, 404, 405, 428, 429, 430, 431, 432, 433, 436, 437, 438, 441, 442, 456, 457, 466, 467, 472, 473, 565, 566, 588, 589, 619, 620, 638, 639, 643, 644, 669, 670, 715, 755, 762, 766, 771, 780, 795], "summary": {"covered_lines": 143, "num_statements": 144, "percent_covered": 97.97297297297297, "percent_covered_display": "97.97", "missing_lines": 1, "excluded_lines": 3, "num_branches": 4, "num_partial_branches": 2, "covered_branches": 2, "missing_branches": 2}, "missing_lines": [394], "excluded_lines": [795, 796, 797], "executed_branches": [[391, 392], [437, 438]], "missing_branches": [[391, 394], [437, 441]]}}, "classes": {"ServiceDependency": {"executed_lines": [], "summary": {"covered_lines": 0, "num_statements": 0, "percent_covered": 100.0, "percent_covered_display": "100.00", "missing_lines": 0, "excluded_lines": 0, "num_branches": 0, "num_partial_branches": 0, "covered_branches": 0, "missing_branches": 0}, "missing_lines": [], "excluded_lines": [], "executed_branches": [], "missing_branches": []}, "ServiceAsset": {"executed_lines": [], "summary": {"covered_lines": 0, "num_statements": 0, "percent_covered": 100.0, "percent_covered_display": "100.00", "missing_lines": 0, "excluded_lines": 0, "num_branches": 0, "num_partial_branches": 0, "covered_branches": 0, "missing_branches": 0}, "missing_lines": [], "excluded_lines": [], "executed_branches": [], "missing_branches": []}, "ServiceRegistration": {"executed_lines": [], "summary": {"covered_lines": 0, "num_statements": 10, "percent_covered": 0.0, "percent_covered_display": "0.00", "missing_lines": 10, "excluded_lines": 0, "num_branches": 8, "num_partial_branches": 0, "covered_branches": 0, "missing_branches": 8}, "missing_lines": [119, 120, 121, 123, 124, 126, 127, 129, 131, 132], "excluded_lines": [], "executed_branches": [], "missing_branches": [[119, 120], [119, 121], [121, 123], [121, 124], [124, 126], [124, 127], [127, 129], [127, 131]]}, "ServiceStatus": {"executed_lines": [], "summary": {"covered_lines": 0, "num_statements": 0, "percent_covered": 100.0, "percent_covered_display": "100.00", "missing_lines": 0, "excluded_lines": 0, "num_branches": 0, "num_partial_branches": 0, "covered_branches": 0, "missing_branches": 0}, "missing_lines": [], "excluded_lines": [], "executed_branches": [], "missing_branches": []}, "ConflictCheck": {"executed_lines": [], "summary": {"covered_lines": 0, "num_statements": 0, "percent_covered": 100.0, "percent_covered_display": "100.00", "missing_lines": 0, "excluded_lines": 0, "num_branches": 0, "num_partial_branches": 0, "covered_branches": 0, "missing_branches": 0}, "missing_lines": [], "excluded_lines": [], "executed_branches": [], "missing_branches": []}, "RegistryStats": {"executed_lines": [], "summary": {"covered_lines": 0, "num_statements": 0, "percent_covered": 100.0, "percent_covered_display": "100.00", "missing_lines": 0, "excluded_lines": 0, "num_branches": 0, "num_partial_branches": 0, "covered_branches": 0, "missing_branches": 0}, "missing_lines": [], "excluded_lines": [], "executed_branches": [], "missing_branches": []}, "": {"executed_lines": [2, 10, 11, 12, 13, 14, 15, 16, 17, 18, 20, 21, 22, 23, 24, 25, 26, 27, 28, 29, 30, 31, 34, 35, 36, 37, 38, 39, 40, 41, 42, 43, 44, 47, 64, 67, 70, 71, 72, 73, 74, 77, 80, 81, 82, 83, 84, 85, 86, 88, 89, 90, 91, 92, 93, 94, 96, 97, 98, 99, 100, 101, 102, 103, 104, 105, 106, 107, 108, 109, 110, 111, 112, 114, 115, 116, 134, 135, 136, 137, 138, 139, 140, 142, 143, 144, 145, 146, 147, 149, 150, 151, 152, 153, 154, 155, 156, 159, 226, 227, 228, 229, 231, 232, 329, 336, 340, 344, 349, 390, 391, 392, 396, 404, 405, 407, 408, 410, 413, 414, 419, 425, 428, 429, 430, 431, 432, 433, 436, 437, 438, 441, 442, 456, 457, 466, 467, 472, 473, 565, 566, 588, 589, 619, 620, 638, 639, 643, 644, 669, 670, 715, 755, 762, 766, 771, 780, 795], "summary": {"covered_lines": 150, "num_statements": 310, "percent_covered": 42.45810055865922, "percent_covered_display": "42.46", "missing_lines": 160, "excluded_lines": 3, "num_branches": 48, "num_partial_branches": 2, "covered_branches": 2, "missing_branches": 46}, "missing_lines": [236, 239, 240, 241, 242, 243, 244, 245, 246, 249, 250, 251, 252, 253, 254, 256, 259, 260, 261, 262, 263, 264, 265, 266, 269, 270, 271, 277, 278, 280, 281, 282, 283, 284, 285, 286, 289, 290, 293, 296, 297, 298, 299, 300, 308, 309, 310, 311, 312, 316, 317, 319, 322, 323, 324, 325, 326, 331, 332, 333, 334, 338, 342, 346, 394, 444, 445, 446, 447, 459, 469, 479, 482, 483, 484, 486, 491, 493, 519, 528, 529, 530, 537, 538, 539, 547, 550, 552, 554, 561, 562, 563, 572, 573, 575, 576, 577, 579, 580, 581, 583, 585, 586, 591, 592, 593, 596, 601, 606, 612, 626, 632, 636, 641, 646, 653, 660, 661, 662, 663, 664, 665, 667, 672, 673, 678, 692, 699, 703, 705, 717, 720, 725, 726, 727, 732, 735, 736, 737, 743, 744, 745, 751, 753, 757, 764, 769, 773, 774, 776, 777, 778, 782, 783, 785, 786, 787, 791, 792, 793], "excluded_lines": [795, 796, 797], "executed_branches": [[391, 392], [437, 438]], "missing_branches": [[270, 271], [270, 280], [296, 297], [296, 316], [308, 309], [308, 316], [309, 310], [309, 316], [322, 323], [322, 324], [324, 325], [324, 326], [331, 332], [331, 333], [391, 394], [437, 441], [445, 446], [445, 447], [483, 484], [483, 491], [529, 530], [529, 537], [538, 539], [538, 547], [575, 576], [575, 579], [579, 580], [579, 583], [592, 593], [592, 596], [660, 661], [660, 667], [662, 660], [662, 663], [663, 662], [663, 664], [725, 726], [725, 735], [735, 736], [735, 753], [736, 735], [736, 737], [743, 735], [743, 744], [785, 786], [785, 791]]}}}, "auth.py": {"executed_lines": [1, 6, 7, 8, 10, 11, 12, 13, 14, 15, 17, 20, 21, 22, 23, 27, 28, 29, 32, 35, 36, 42, 43, 44, 45, 46, 49, 50, 51, 52, 53, 54, 57, 58, 59, 60, 61, 62, 63, 64, 67, 68, 69, 72, 73, 74, 75, 82, 93, 96, 106, 113, 124, 126, 127, 131, 137, 139, 145, 148, 161, 167, 168, 169, 171, 175, 182, 184, 185, 186, 195, 226, 236, 237, 238, 241, 252, 253, 254, 255, 257, 258, 259, 261, 262, 269, 282, 283, 285, 293, 300, 303, 318, 323, 326, 353, 384, 416, 453, 475, 478, 488, 490, 497, 500], "summary": {"covered_lines": 99, "num_statements": 132, "percent_covered": 68.51851851851852, "percent_covered_display": "68.52", "missing_lines": 33, "excluded_lines": 0, "num_branches": 30, "num_partial_branches": 6, "covered_branches": 12, "missing_branches": 18}, "missing_lines": [129, 172, 173, 286, 287, 294, 295, 319, 341, 342, 346, 350, 363, 364, 365, 371, 375, 377, 399, 402, 403, 404, 408, 409, 430, 431, 433, 435, 443, 476, 511, 512, 514], "excluded_lines": [], "executed_branches": [[126, 127], [171, 175], [236, 237], [236, 238], [253, 254], [253, 257], [257, 258], [257, 261], [285, 293], [293, 300], [318, 323], [475, 478]], "missing_branches": [[126, 129], [171, 172], [285, 286], [293, 294], [318, 319], [341, 342], [341, 350], [364, 365], [364, 375], [402, 403], [402, 408], [430, 431], [430, 433], [433, 435], [433, 443], [475, 476], [511, 512], [511, 514]], "functions": {"verify_password": {"executed_lines": [93], "summary": {"covered_lines": 1, "num_statements": 1, "percent_covered": 100.0, "percent_covered_display": "100.00", "missing_lines": 0, "excluded_lines": 0, "num_branches": 0, "num_partial_branches": 0, "covered_branches": 0, "missing_branches": 0}, "missing_lines": [], "excluded_lines": [], "executed_branches": [], "missing_branches": []}, "get_password_hash": {"executed_lines": [106], "summary": {"covered_lines": 1, "num_statements": 1, "percent_covered": 100.0, "percent_covered_display": "100.00", "missing_lines": 0, "excluded_lines": 0, "num_branches": 0, "num_partial_branches": 0, "covered_branches": 0, "missing_branches": 0}, "missing_lines": [], "excluded_lines": [], "executed_branches": [], "missing_branches": []}, "create_access_token": {"executed_lines": [124, 126, 127, 131, 137, 139, 145], "summary": {"covered_lines": 7, "num_statements": 8, "percent_covered": 80.0, "percent_covered_display": "80.00", "missing_lines": 1, "excluded_lines": 0, "num_branches": 2, "num_partial_branches": 1, "covered_branches": 1, "missing_branches": 1}, "missing_lines": [129], "excluded_lines": [], "executed_branches": [[126, 127]], "missing_branches": [[126, 129]]}, "decode_access_token": {"executed_lines": [161, 167, 168, 169, 171, 175, 182, 184, 185, 186], "summary": {"covered_lines": 10, "num_statements": 12, "percent_covered": 78.57142857142857, "percent_covered_display": "78.57", "missing_lines": 2, "excluded_lines": 0, "num_branches": 2, "num_partial_branches": 1, "covered_branches": 1, "missing_branches": 1}, "missing_lines": [172, 173], "excluded_lines": [], "executed_branches": [[171, 175]], "missing_branches": [[171, 172]]}, "get_user": {"executed_lines": [236, 237, 238], "summary": {"covered_lines": 3, "num_statements": 3, "percent_covered": 100.0, "percent_covered_display": "100.00", "missing_lines": 0, "excluded_lines": 0, "num_branches": 2, "num_partial_branches": 0, "covered_branches": 2, "missing_branches": 0}, "missing_lines": [], "excluded_lines": [], "executed_branches": [[236, 237], [236, 238]], "missing_branches": []}, "authenticate_user": {"executed_lines": [252, 253, 254, 255, 257, 258, 259, 261, 262], "summary": {"covered_lines": 9, "num_statements": 9, "percent_covered": 100.0, "percent_covered_display": "100.00", "missing_lines": 0, "excluded_lines": 0, "num_branches": 4, "num_partial_branches": 0, "covered_branches": 4, "missing_branches": 0}, "missing_lines": [], "excluded_lines": [], "executed_branches": [[253, 254], [253, 257], [257, 258], [257, 261]], "missing_branches": []}, "get_current_user": {"executed_lines": [282, 283, 285, 293, 300], "summary": {"covered_lines": 5, "num_statements": 9, "percent_covered": 53.84615384615385, "percent_covered_display": "53.85", "missing_lines": 4, "excluded_lines": 0, "num_branches": 4, "num_partial_branches": 2, "covered_branches": 2, "missing_branches": 2}, "missing_lines": [286, 287, 294, 295], "excluded_lines": [], "executed_branches": [[285, 293], [293, 300]], "missing_branches": [[285, 286], [293, 294]]}, "get_current_active_user": {"executed_lines": [318, 323], "summary": {"covered_lines": 2, "num_statements": 3, "percent_covered": 60.0, "percent_covered_display": "60.00", "missing_lines": 1, "excluded_lines": 0, "num_branches": 2, "num_partial_branches": 1, "covered_branches": 1, "missing_branches": 1}, "missing_lines": [319], "excluded_lines": [], "executed_branches": [[318, 323]], "missing_branches": [[318, 319]]}, "require_admin": {"executed_lines": [], "summary": {"covered_lines": 0, "num_statements": 4, "percent_covered": 0.0, "percent_covered_display": "0.00", "missing_lines": 4, "excluded_lines": 0, "num_branches": 2, "num_partial_branches": 0, "covered_branches": 0, "missing_branches": 2}, "missing_lines": [341, 342, 346, 350], "excluded_lines": [], "executed_branches": [], "missing_branches": [[341, 342], [341, 350]]}, "require_scope": {"executed_lines": [], "summary": {"covered_lines": 0, "num_statements": 2, "percent_covered": 0.0, "percent_covered_display": "0.00", "missing_lines": 2, "excluded_lines": 0, "num_branches": 0, "num_partial_branches": 0, "covered_branches": 0, "missing_branches": 0}, "missing_lines": [363, 377], "excluded_lines": [], "executed_branches": [], "missing_branches": []}, "require_scope.check_scope": {"executed_lines": [], "summary": {"covered_lines": 0, "num_statements": 4, "percent_covered": 0.0, "percent_covered_display": "0.00", "missing_lines": 4, "excluded_lines": 0, "num_branches": 2, "num_partial_branches": 0, "covered_branches": 0, "missing_branches": 2}, "missing_lines": [364, 365, 371, 375], "excluded_lines": [], "executed_branches": [], "missing_branches": [[364, 365], [364, 375]]}, "verify_api_key": {"executed_lines": [], "summary": {"covered_lines": 0, "num_statements": 6, "percent_covered": 0.0, "percent_covered_display": "0.00", "missing_lines": 6, "excluded_lines": 0, "num_branches": 2, "num_partial_branches": 0, "covered_branches": 0, "missing_branches": 2}, "missing_lines": [399, 402, 403, 404, 408, 409], "excluded_lines": [], "executed_branches": [], "missing_branches": [[402, 403], [402, 408]]}, "get_current_user_or_api_key": {"executed_lines": [], "summary": {"covered_lines": 0, "num_statements": 5, "percent_covered": 0.0, "percent_covered_display": "0.00", "missing_lines": 5, "excluded_lines": 0, "num_branches": 4, "num_partial_branches": 0, "covered_branches": 0, "missing_branches": 4}, "missing_lines": [430, 431, 433, 435, 443], "excluded_lines": [], "executed_branches": [], "missing_branches": [[430, 431], [430, 433], [433, 435], [433, 443]]}, "create_user": {"executed_lines": [475, 478, 488, 490, 497], "summary": {"covered_lines": 5, "num_statements": 6, "percent_covered": 75.0, "percent_covered_display": "75.00", "missing_lines": 1, "excluded_lines": 0, "num_branches": 2, "num_partial_branches": 1, "covered_branches": 1, "missing_branches": 1}, "missing_lines": [476], "excluded_lines": [], "executed_branches": [[475, 478]], "missing_branches": [[475, 476]]}, "check_permissions": {"executed_lines": [], "summary": {"covered_lines": 0, "num_statements": 3, "percent_covered": 0.0, "percent_covered_display": "0.00", "missing_lines": 3, "excluded_lines": 0, "num_branches": 2, "num_partial_branches": 0, "covered_branches": 0, "missing_branches": 2}, "missing_lines": [511, 512, 514], "excluded_lines": [], "executed_branches": [], "missing_branches": [[511, 512], [511, 514]]}, "": {"executed_lines": [1, 6, 7, 8, 10, 11, 12, 13, 14, 15, 17, 20, 21, 22, 23, 27, 28, 29, 32, 35, 36, 42, 43, 44, 45, 46, 49, 50, 51, 52, 53, 54, 57, 58, 59, 60, 61, 62, 63, 64, 67, 68, 69, 72, 73, 74, 75, 82, 96, 113, 148, 195, 226, 241, 269, 303, 326, 353, 384, 416, 453, 500], "summary": {"covered_lines": 56, "num_statements": 56, "percent_covered": 100.0, "percent_covered_display": "100.00", "missing_lines": 0, "excluded_lines": 0, "num_branches": 0, "num_partial_branches": 0, "covered_branches": 0, "missing_branches": 0}, "missing_lines": [], "excluded_lines": [], "executed_branches": [], "missing_branches": []}}, "classes": {"Token": {"executed_lines": [], "summary": {"covered_lines": 0, "num_statements": 0, "percent_covered": 100.0, "percent_covered_display": "100.00", "missing_lines": 0, "excluded_lines": 0, "num_branches": 0, "num_partial_branches": 0, "covered_branches": 0, "missing_branches": 0}, "missing_lines": [], "excluded_lines": [], "executed_branches": [], "missing_branches": []}, "TokenData": {"executed_lines": [], "summary": {"covered_lines": 0, "num_statements": 0, "percent_covered": 100.0, "percent_covered_display": "100.00", "missing_lines": 0, "excluded_lines": 0, "num_branches": 0, "num_partial_branches": 0, "covered_branches": 0, "missing_branches": 0}, "missing_lines": [], "excluded_lines": [], "executed_branches": [], "missing_branches": []}, "User": {"executed_lines": [], "summary": {"covered_lines": 0, "num_statements": 0, "percent_covered": 100.0, "percent_covered_display": "100.00", "missing_lines": 0, "excluded_lines": 0, "num_branches": 0, "num_partial_branches": 0, "covered_branches": 0, "missing_branches": 0}, "missing_lines": [], "excluded_lines": [], "executed_branches": [], "missing_branches": []}, "UserInDB": {"executed_lines": [], "summary": {"covered_lines": 0, "num_statements": 0, "percent_covered": 100.0, "percent_covered_display": "100.00", "missing_lines": 0, "excluded_lines": 0, "num_branches": 0, "num_partial_branches": 0, "covered_branches": 0, "missing_branches": 0}, "missing_lines": [], "excluded_lines": [], "executed_branches": [], "missing_branches": []}, "LoginRequest": {"executed_lines": [], "summary": {"covered_lines": 0, "num_statements": 0, "percent_covered": 100.0, "percent_covered_display": "100.00", "missing_lines": 0, "excluded_lines": 0, "num_branches": 0, "num_partial_branches": 0, "covered_branches": 0, "missing_branches": 0}, "missing_lines": [], "excluded_lines": [], "executed_branches": [], "missing_branches": []}, "": {"executed_lines": [1, 6, 7, 8, 10, 11, 12, 13, 14, 15, 17, 20, 21, 22, 23, 27, 28, 29, 32, 35, 36, 42, 43, 44, 45, 46, 49, 50, 51, 52, 53, 54, 57, 58, 59, 60, 61, 62, 63, 64, 67, 68, 69, 72, 73, 74, 75, 82, 93, 96, 106, 113, 124, 126, 127, 131, 137, 139, 145, 148, 161, 167, 168, 169, 171, 175, 182, 184, 185, 186, 195, 226, 236, 237, 238, 241, 252, 253, 254, 255, 257, 258, 259, 261, 262, 269, 282, 283, 285, 293, 300, 303, 318, 323, 326, 353, 384, 416, 453, 475, 478, 488, 490, 497, 500], "summary": {"covered_lines": 99, "num_statements": 132, "percent_covered": 68.51851851851852, "percent_covered_display": "68.52", "missing_lines": 33, "excluded_lines": 0, "num_branches": 30, "num_partial_branches": 6, "covered_branches": 12, "missing_branches": 18}, "missing_lines": [129, 172, 173, 286, 287, 294, 295, 319, 341, 342, 346, 350, 363, 364, 365, 371, 375, 377, 399, 402, 403, 404, 408, 409, 430, 431, 433, 435, 443, 476, 511, 512, 514], "excluded_lines": [], "executed_branches": [[126, 127], [171, 175], [236, 237], [236, 238], [253, 254], [253, 257], [257, 258], [257, 261], [285, 293], [293, 300], [318, 323], [475, 478]], "missing_branches": [[126, 129], [171, 172], [285, 286], [293, 294], [318, 319], [341, 342], [341, 350], [364, 365], [364, 375], [402, 403], [402, 408], [430, 431], [430, 433], [433, 435], [433, 443], [475, 476], [511, 512], [511, 514]]}}}, "cache_manager.py": {"executed_lines": [1, 6, 7, 8, 9, 10, 11, 12, 13, 15, 16, 18, 21, 22, 23, 26, 27, 38, 69, 80, 94, 170, 256, 278, 340, 380, 398, 456], "summary": {"covered_lines": 25, "num_statements": 181, "percent_covered": 9.9601593625498, "percent_covered_display": "9.96", "missing_lines": 156, "excluded_lines": 0, "num_branches": 70, "num_partial_branches": 0, "covered_branches": 0, "missing_branches": 70}, "missing_lines": [54, 55, 56, 57, 60, 62, 76, 77, 78, 88, 89, 91, 92, 111, 113, 114, 116, 118, 119, 120, 123, 125, 127, 133, 137, 138, 145, 146, 147, 148, 153, 155, 160, 162, 163, 168, 195, 196, 202, 204, 205, 211, 214, 215, 229, 235, 244, 246, 248, 249, 254, 258, 259, 261, 262, 263, 264, 265, 266, 269, 275, 276, 293, 295, 296, 298, 299, 300, 302, 303, 304, 305, 309, 311, 312, 313, 314, 315, 318, 319, 320, 321, 323, 330, 332, 333, 338, 347, 349, 350, 352, 353, 354, 355, 358, 359, 360, 361, 363, 374, 376, 377, 378, 382, 383, 384, 386, 387, 393, 395, 396, 405, 407, 409, 410, 411, 412, 413, 414, 422, 425, 426, 428, 429, 431, 432, 433, 436, 437, 438, 439, 442, 443, 445, 447, 453, 454, 463, 464, 466, 468, 469, 470, 471, 474, 475, 476, 479, 480, 481, 482, 484, 490, 492, 493, 494], "excluded_lines": [], "executed_branches": [], "missing_branches": [[76, 77], [76, 78], [114, 116], [114, 145], [118, 119], [118, 145], [123, 125], [123, 137], [145, 146], [145, 155], [147, 145], [147, 148], [204, 205], [204, 211], [214, 215], [214, 235], [258, 259], [258, 261], [263, -256], [263, 264], [296, 298], [296, 309], [299, 300], [299, 302], [303, 304], [303, 323], [311, 312], [311, 318], [312, 313], [312, 315], [318, 319], [318, 323], [320, 321], [320, 323], [352, 353], [352, 358], [353, 352], [353, 354], [359, 360], [359, 363], [360, 361], [360, 363], [386, -380], [386, 387], [409, 410], [409, 422], [410, 411], [410, 422], [412, 410], [412, 413], [431, 432], [431, 447], [432, 433], [432, 436], [437, 438], [437, 442], [442, 443], [442, 445], [468, 469], [468, 474], [469, 468], [469, 470], [474, 475], [474, 479], [475, 474], [475, 476], [479, 480], [479, 484], [480, 481], [480, 484]], "functions": {"CacheManager.__init__": {"executed_lines": [], "summary": {"covered_lines": 0, "num_statements": 6, "percent_covered": 0.0, "percent_covered_display": "0.00", "missing_lines": 6, "excluded_lines": 0, "num_branches": 0, "num_partial_branches": 0, "covered_branches": 0, "missing_branches": 0}, "missing_lines": [54, 55, 56, 57, 60, 62], "excluded_lines": [], "executed_branches": [], "missing_branches": []}, "CacheManager._generate_cache_key": {"executed_lines": [], "summary": {"covered_lines": 0, "num_statements": 3, "percent_covered": 0.0, "percent_covered_display": "0.00", "missing_lines": 3, "excluded_lines": 0, "num_branches": 2, "num_partial_branches": 0, "covered_branches": 0, "missing_branches": 2}, "missing_lines": [76, 77, 78], "excluded_lines": [], "executed_branches": [], "missing_branches": [[76, 77], [76, 78]]}, "CacheManager._generate_cache_path": {"executed_lines": [], "summary": {"covered_lines": 0, "num_statements": 4, "percent_covered": 0.0, "percent_covered_display": "0.00", "missing_lines": 4, "excluded_lines": 0, "num_branches": 0, "num_partial_branches": 0, "covered_branches": 0, "missing_branches": 0}, "missing_lines": [88, 89, 91, 92], "excluded_lines": [], "executed_branches": [], "missing_branches": []}, "CacheManager.check_cache": {"executed_lines": [], "summary": {"covered_lines": 0, "num_statements": 23, "percent_covered": 0.0, "percent_covered_display": "0.00", "missing_lines": 23, "excluded_lines": 0, "num_branches": 10, "num_partial_branches": 0, "covered_branches": 0, "missing_branches": 10}, "missing_lines": [111, 113, 114, 116, 118, 119, 120, 123, 125, 127, 133, 137, 138, 145, 146, 147, 148, 153, 155, 160, 162, 163, 168], "excluded_lines": [], "executed_branches": [], "missing_branches": [[114, 116], [114, 145], [118, 119], [118, 145], [123, 125], [123, 137], [145, 146], [145, 155], [147, 145], [147, 148]]}, "CacheManager.store_cache": {"executed_lines": [], "summary": {"covered_lines": 0, "num_statements": 15, "percent_covered": 0.0, "percent_covered_display": "0.00", "missing_lines": 15, "excluded_lines": 0, "num_branches": 4, "num_partial_branches": 0, "covered_branches": 0, "missing_branches": 4}, "missing_lines": [195, 196, 202, 204, 205, 211, 214, 215, 229, 235, 244, 246, 248, 249, 254], "excluded_lines": [], "executed_branches": [], "missing_branches": [[204, 205], [204, 211], [214, 215], [214, 235]]}, "CacheManager._update_access_time": {"executed_lines": [], "summary": {"covered_lines": 0, "num_statements": 11, "percent_covered": 0.0, "percent_covered_display": "0.00", "missing_lines": 11, "excluded_lines": 0, "num_branches": 4, "num_partial_branches": 0, "covered_branches": 0, "missing_branches": 4}, "missing_lines": [258, 259, 261, 262, 263, 264, 265, 266, 269, 275, 276], "excluded_lines": [], "executed_branches": [], "missing_branches": [[258, 259], [258, 261], [263, -256], [263, 264]]}, "CacheManager.invalidate_cache": {"executed_lines": [], "summary": {"covered_lines": 0, "num_statements": 25, "percent_covered": 0.0, "percent_covered_display": "0.00", "missing_lines": 25, "excluded_lines": 0, "num_branches": 14, "num_partial_branches": 0, "covered_branches": 0, "missing_branches": 14}, "missing_lines": [293, 295, 296, 298, 299, 300, 302, 303, 304, 305, 309, 311, 312, 313, 314, 315, 318, 319, 320, 321, 323, 330, 332, 333, 338], "excluded_lines": [], "executed_branches": [], "missing_branches": [[296, 298], [296, 309], [299, 300], [299, 302], [303, 304], [303, 323], [311, 312], [311, 318], [312, 313], [312, 315], [318, 319], [318, 323], [320, 321], [320, 323]]}, "CacheManager.get_cache_stats": {"executed_lines": [], "summary": {"covered_lines": 0, "num_statements": 16, "percent_covered": 0.0, "percent_covered_display": "0.00", "missing_lines": 16, "excluded_lines": 0, "num_branches": 8, "num_partial_branches": 0, "covered_branches": 0, "missing_branches": 8}, "missing_lines": [347, 349, 350, 352, 353, 354, 355, 358, 359, 360, 361, 363, 374, 376, 377, 378], "excluded_lines": [], "executed_branches": [], "missing_branches": [[352, 353], [352, 358], [353, 352], [353, 354], [359, 360], [359, 363], [360, 361], [360, 363]]}, "CacheManager._check_cache_size": {"executed_lines": [], "summary": {"covered_lines": 0, "num_statements": 8, "percent_covered": 0.0, "percent_covered_display": "0.00", "missing_lines": 8, "excluded_lines": 0, "num_branches": 2, "num_partial_branches": 0, "covered_branches": 0, "missing_branches": 2}, "missing_lines": [382, 383, 384, 386, 387, 393, 395, 396], "excluded_lines": [], "executed_branches": [], "missing_branches": [[386, -380], [386, 387]]}, "CacheManager._evict_old_entries": {"executed_lines": [], "summary": {"covered_lines": 0, "num_statements": 26, "percent_covered": 0.0, "percent_covered_display": "0.00", "missing_lines": 26, "excluded_lines": 0, "num_branches": 14, "num_partial_branches": 0, "covered_branches": 0, "missing_branches": 14}, "missing_lines": [405, 407, 409, 410, 411, 412, 413, 414, 422, 425, 426, 428, 429, 431, 432, 433, 436, 437, 438, 439, 442, 443, 445, 447, 453, 454], "excluded_lines": [], "executed_branches": [], "missing_branches": [[409, 410], [409, 422], [410, 411], [410, 422], [412, 410], [412, 413], [431, 432], [431, 447], [432, 433], [432, 436], [437, 438], [437, 442], [442, 443], [442, 445]]}, "CacheManager.clear_all_cache": {"executed_lines": [], "summary": {"covered_lines": 0, "num_statements": 19, "percent_covered": 0.0, "percent_covered_display": "0.00", "missing_lines": 19, "excluded_lines": 0, "num_branches": 12, "num_partial_branches": 0, "covered_branches": 0, "missing_branches": 12}, "missing_lines": [463, 464, 466, 468, 469, 470, 471, 474, 475, 476, 479, 480, 481, 482, 484, 490, 492, 493, 494], "excluded_lines": [], "executed_branches": [], "missing_branches": [[468, 469], [468, 474], [469, 468], [469, 470], [474, 475], [474, 479], [475, 474], [475, 476], [479, 480], [479, 484], [480, 481], [480, 484]]}, "": {"executed_lines": [1, 6, 7, 8, 9, 10, 11, 12, 13, 15, 16, 18, 21, 22, 23, 26, 27, 38, 69, 80, 94, 170, 256, 278, 340, 380, 398, 456], "summary": {"covered_lines": 25, "num_statements": 25, "percent_covered": 100.0, "percent_covered_display": "100.00", "missing_lines": 0, "excluded_lines": 0, "num_branches": 0, "num_partial_branches": 0, "covered_branches": 0, "missing_branches": 0}, "missing_lines": [], "excluded_lines": [], "executed_branches": [], "missing_branches": []}}, "classes": {"CacheManagerError": {"executed_lines": [], "summary": {"covered_lines": 0, "num_statements": 0, "percent_covered": 100.0, "percent_covered_display": "100.00", "missing_lines": 0, "excluded_lines": 0, "num_branches": 0, "num_partial_branches": 0, "covered_branches": 0, "missing_branches": 0}, "missing_lines": [], "excluded_lines": [], "executed_branches": [], "missing_branches": []}, "CacheManager": {"executed_lines": [], "summary": {"covered_lines": 0, "num_statements": 156, "percent_covered": 0.0, "percent_covered_display": "0.00", "missing_lines": 156, "excluded_lines": 0, "num_branches": 70, "num_partial_branches": 0, "covered_branches": 0, "missing_branches": 70}, "missing_lines": [54, 55, 56, 57, 60, 62, 76, 77, 78, 88, 89, 91, 92, 111, 113, 114, 116, 118, 119, 120, 123, 125, 127, 133, 137, 138, 145, 146, 147, 148, 153, 155, 160, 162, 163, 168, 195, 196, 202, 204, 205, 211, 214, 215, 229, 235, 244, 246, 248, 249, 254, 258, 259, 261, 262, 263, 264, 265, 266, 269, 275, 276, 293, 295, 296, 298, 299, 300, 302, 303, 304, 305, 309, 311, 312, 313, 314, 315, 318, 319, 320, 321, 323, 330, 332, 333, 338, 347, 349, 350, 352, 353, 354, 355, 358, 359, 360, 361, 363, 374, 376, 377, 378, 382, 383, 384, 386, 387, 393, 395, 396, 405, 407, 409, 410, 411, 412, 413, 414, 422, 425, 426, 428, 429, 431, 432, 433, 436, 437, 438, 439, 442, 443, 445, 447, 453, 454, 463, 464, 466, 468, 469, 470, 471, 474, 475, 476, 479, 480, 481, 482, 484, 490, 492, 493, 494], "excluded_lines": [], "executed_branches": [], "missing_branches": [[76, 77], [76, 78], [114, 116], [114, 145], [118, 119], [118, 145], [123, 125], [123, 137], [145, 146], [145, 155], [147, 145], [147, 148], [204, 205], [204, 211], [214, 215], [214, 235], [258, 259], [258, 261], [263, -256], [263, 264], [296, 298], [296, 309], [299, 300], [299, 302], [303, 304], [303, 323], [311, 312], [311, 318], [312, 313], [312, 315], [318, 319], [318, 323], [320, 321], [320, 323], [352, 353], [352, 358], [353, 352], [353, 354], [359, 360], [359, 363], [360, 361], [360, 363], [386, -380], [386, 387], [409, 410], [409, 422], [410, 411], [410, 422], [412, 410], [412, 413], [431, 432], [431, 447], [432, 433], [432, 436], [437, 438], [437, 442], [442, 443], [442, 445], [468, 469], [468, 474], [469, 468], [469, 470], [474, 475], [474, 479], [475, 474], [475, 476], [479, 480], [479, 484], [480, 481], [480, 484]]}, "": {"executed_lines": [1, 6, 7, 8, 9, 10, 11, 12, 13, 15, 16, 18, 21, 22, 23, 26, 27, 38, 69, 80, 94, 170, 256, 278, 340, 380, 398, 456], "summary": {"covered_lines": 25, "num_statements": 25, "percent_covered": 100.0, "percent_covered_display": "100.00", "missing_lines": 0, "excluded_lines": 0, "num_branches": 0, "num_partial_branches": 0, "covered_branches": 0, "missing_branches": 0}, "missing_lines": [], "excluded_lines": [], "executed_branches": [], "missing_branches": []}}}, "clear_templates.py": {"executed_lines": [], "summary": {"covered_lines": 0, "num_statements": 17, "percent_covered": 0.0, "percent_covered_display": "0.00", "missing_lines": 17, "excluded_lines": 2, "num_branches": 0, "num_partial_branches": 0, "covered_branches": 0, "missing_branches": 0}, "missing_lines": [3, 4, 5, 7, 9, 11, 13, 14, 17, 18, 21, 24, 25, 26, 28, 29, 30], "excluded_lines": [32, 33], "executed_branches": [], "missing_branches": [], "functions": {"clear_templates": {"executed_lines": [], "summary": {"covered_lines": 0, "num_statements": 13, "percent_covered": 0.0, "percent_covered_display": "0.00", "missing_lines": 13, "excluded_lines": 0, "num_branches": 0, "num_partial_branches": 0, "covered_branches": 0, "missing_branches": 0}, "missing_lines": [9, 11, 13, 14, 17, 18, 21, 24, 25, 26, 28, 29, 30], "excluded_lines": [], "executed_branches": [], "missing_branches": []}, "": {"executed_lines": [], "summary": {"covered_lines": 0, "num_statements": 4, "percent_covered": 0.0, "percent_covered_display": "0.00", "missing_lines": 4, "excluded_lines": 2, "num_branches": 0, "num_partial_branches": 0, "covered_branches": 0, "missing_branches": 0}, "missing_lines": [3, 4, 5, 7], "excluded_lines": [32, 33], "executed_branches": [], "missing_branches": []}}, "classes": {"": {"executed_lines": [], "summary": {"covered_lines": 0, "num_statements": 17, "percent_covered": 0.0, "percent_covered_display": "0.00", "missing_lines": 17, "excluded_lines": 2, "num_branches": 0, "num_partial_branches": 0, "covered_branches": 0, "missing_branches": 0}, "missing_lines": [3, 4, 5, 7, 9, 11, 13, 14, 17, 18, 21, 24, 25, 26, 28, 29, 30], "excluded_lines": [32, 33], "executed_branches": [], "missing_branches": []}}}, "dependencies.py": {"executed_lines": [1, 6, 9, 10, 11, 12, 15, 24, 26, 28, 31, 38, 40, 42, 45], "summary": {"covered_lines": 14, "num_statements": 26, "percent_covered": 47.05882352941177, "percent_covered_display": "47.06", "missing_lines": 12, "excluded_lines": 0, "num_branches": 8, "num_partial_branches": 2, "covered_branches": 2, "missing_branches": 6}, "missing_lines": [18, 19, 20, 21, 27, 33, 34, 35, 41, 47, 48, 49], "excluded_lines": [], "executed_branches": [[26, 28], [40, 42]], "missing_branches": [[26, 27], [33, 34], [33, 35], [40, 41], [47, 48], [47, 49]], "functions": {"set_dependencies": {"executed_lines": [], "summary": {"covered_lines": 0, "num_statements": 4, "percent_covered": 0.0, "percent_covered_display": "0.00", "missing_lines": 4, "excluded_lines": 0, "num_branches": 0, "num_partial_branches": 0, "covered_branches": 0, "missing_branches": 0}, "missing_lines": [18, 19, 20, 21], "excluded_lines": [], "executed_branches": [], "missing_branches": []}, "get_db_pool": {"executed_lines": [26, 28], "summary": {"covered_lines": 2, "num_statements": 3, "percent_covered": 60.0, "percent_covered_display": "60.00", "missing_lines": 1, "excluded_lines": 0, "num_branches": 2, "num_partial_branches": 1, "covered_branches": 1, "missing_branches": 1}, "missing_lines": [27], "excluded_lines": [], "executed_branches": [[26, 28]], "missing_branches": [[26, 27]]}, "get_redis_client": {"executed_lines": [], "summary": {"covered_lines": 0, "num_statements": 3, "percent_covered": 0.0, "percent_covered_display": "0.00", "missing_lines": 3, "excluded_lines": 0, "num_branches": 2, "num_partial_branches": 0, "covered_branches": 0, "missing_branches": 2}, "missing_lines": [33, 34, 35], "excluded_lines": [], "executed_branches": [], "missing_branches": [[33, 34], [33, 35]]}, "get_git_manager": {"executed_lines": [40, 42], "summary": {"covered_lines": 2, "num_statements": 3, "percent_covered": 60.0, "percent_covered_display": "60.00", "missing_lines": 1, "excluded_lines": 0, "num_branches": 2, "num_partial_branches": 1, "covered_branches": 1, "missing_branches": 1}, "missing_lines": [41], "excluded_lines": [], "executed_branches": [[40, 42]], "missing_branches": [[40, 41]]}, "get_cache_manager": {"executed_lines": [], "summary": {"covered_lines": 0, "num_statements": 3, "percent_covered": 0.0, "percent_covered_display": "0.00", "missing_lines": 3, "excluded_lines": 0, "num_branches": 2, "num_partial_branches": 0, "covered_branches": 0, "missing_branches": 2}, "missing_lines": [47, 48, 49], "excluded_lines": [], "executed_branches": [], "missing_branches": [[47, 48], [47, 49]]}, "": {"executed_lines": [1, 6, 9, 10, 11, 12, 15, 24, 31, 38, 45], "summary": {"covered_lines": 10, "num_statements": 10, "percent_covered": 100.0, "percent_covered_display": "100.00", "missing_lines": 0, "excluded_lines": 0, "num_branches": 0, "num_partial_branches": 0, "covered_branches": 0, "missing_branches": 0}, "missing_lines": [], "excluded_lines": [], "executed_branches": [], "missing_branches": []}}, "classes": {"": {"executed_lines": [1, 6, 9, 10, 11, 12, 15, 24, 26, 28, 31, 38, 40, 42, 45], "summary": {"covered_lines": 14, "num_statements": 26, "percent_covered": 47.05882352941177, "percent_covered_display": "47.06", "missing_lines": 12, "excluded_lines": 0, "num_branches": 8, "num_partial_branches": 2, "covered_branches": 2, "missing_branches": 6}, "missing_lines": [18, 19, 20, 21, 27, 33, 34, 35, 41, 47, 48, 49], "excluded_lines": [], "executed_branches": [[26, 28], [40, 42]], "missing_branches": [[26, 27], [33, 34], [33, 35], [40, 41], [47, 48], [47, 49]]}}}, "event_tracking.py": {"executed_lines": [1, 9, 10, 11, 12, 15, 19, 21, 23, 26, 29, 54, 101, 145, 186], "summary": {"covered_lines": 14, "num_statements": 43, "percent_covered": 31.11111111111111, "percent_covered_display": "31.11", "missing_lines": 29, "excluded_lines": 0, "num_branches": 2, "num_partial_branches": 0, "covered_branches": 0, "missing_branches": 2}, "missing_lines": [38, 39, 40, 45, 46, 47, 48, 49, 51, 81, 82, 83, 97, 98, 126, 127, 128, 141, 142, 168, 169, 170, 182, 183, 211, 212, 213, 226, 227], "excluded_lines": [], "executed_branches": [], "missing_branches": [[38, 39], [38, 51]], "functions": {"get_event_publisher": {"executed_lines": [], "summary": {"covered_lines": 0, "num_statements": 9, "percent_covered": 0.0, "percent_covered_display": "0.00", "missing_lines": 9, "excluded_lines": 0, "num_branches": 2, "num_partial_branches": 0, "covered_branches": 0, "missing_branches": 2}, "missing_lines": [38, 39, 40, 45, 46, 47, 48, 49, 51], "excluded_lines": [], "executed_branches": [], "missing_branches": [[38, 39], [38, 51]]}, "track_template_search": {"executed_lines": [], "summary": {"covered_lines": 0, "num_statements": 5, "percent_covered": 0.0, "percent_covered_display": "0.00", "missing_lines": 5, "excluded_lines": 0, "num_branches": 0, "num_partial_branches": 0, "covered_branches": 0, "missing_branches": 0}, "missing_lines": [81, 82, 83, 97, 98], "excluded_lines": [], "executed_branches": [], "missing_branches": []}, "track_template_retrieval": {"executed_lines": [], "summary": {"covered_lines": 0, "num_statements": 5, "percent_covered": 0.0, "percent_covered_display": "0.00", "missing_lines": 5, "excluded_lines": 0, "num_branches": 0, "num_partial_branches": 0, "covered_branches": 0, "missing_branches": 0}, "missing_lines": [126, 127, 128, 141, 142], "excluded_lines": [], "executed_branches": [], "missing_branches": []}, "track_template_download": {"executed_lines": [], "summary": {"covered_lines": 0, "num_statements": 5, "percent_covered": 0.0, "percent_covered_display": "0.00", "missing_lines": 5, "excluded_lines": 0, "num_branches": 0, "num_partial_branches": 0, "covered_branches": 0, "missing_branches": 0}, "missing_lines": [168, 169, 170, 182, 183], "excluded_lines": [], "executed_branches": [], "missing_branches": []}, "track_template_feedback": {"executed_lines": [], "summary": {"covered_lines": 0, "num_statements": 5, "percent_covered": 0.0, "percent_covered_display": "0.00", "missing_lines": 5, "excluded_lines": 0, "num_branches": 0, "num_partial_branches": 0, "covered_branches": 0, "missing_branches": 0}, "missing_lines": [211, 212, 213, 226, 227], "excluded_lines": [], "executed_branches": [], "missing_branches": []}, "": {"executed_lines": [1, 9, 10, 11, 12, 15, 19, 21, 23, 26, 29, 54, 101, 145, 186], "summary": {"covered_lines": 14, "num_statements": 14, "percent_covered": 100.0, "percent_covered_display": "100.00", "missing_lines": 0, "excluded_lines": 0, "num_branches": 0, "num_partial_branches": 0, "covered_branches": 0, "missing_branches": 0}, "missing_lines": [], "excluded_lines": [], "executed_branches": [], "missing_branches": []}}, "classes": {"": {"executed_lines": [1, 9, 10, 11, 12, 15, 19, 21, 23, 26, 29, 54, 101, 145, 186], "summary": {"covered_lines": 14, "num_statements": 43, "percent_covered": 31.11111111111111, "percent_covered_display": "31.11", "missing_lines": 29, "excluded_lines": 0, "num_branches": 2, "num_partial_branches": 0, "covered_branches": 0, "missing_branches": 2}, "missing_lines": [38, 39, 40, 45, 46, 47, 48, 49, 51, 81, 82, 83, 97, 98, 126, 127, 128, 141, 142, 168, 169, 170, 182, 183, 211, 212, 213, 226, 227], "excluded_lines": [], "executed_branches": [], "missing_branches": [[38, 39], [38, 51]]}}}, "git_manager.py": {"executed_lines": [1, 6, 7, 8, 9, 10, 11, 12, 13, 14, 15, 16, 18, 19, 20, 21, 23, 25, 28, 29, 30, 33, 34, 35, 38, 39, 40, 43, 44, 45, 48, 49, 59, 87, 176, 186, 252, 267, 279, 340, 363, 395], "summary": {"covered_lines": 36, "num_statements": 150, "percent_covered": 20.689655172413794, "percent_covered_display": "20.69", "missing_lines": 114, "excluded_lines": 0, "num_branches": 24, "num_partial_branches": 0, "covered_branches": 0, "missing_branches": 24}, "missing_lines": [73, 74, 75, 78, 80, 107, 108, 110, 112, 113, 115, 124, 133, 134, 137, 138, 143, 145, 147, 154, 156, 157, 158, 159, 164, 166, 167, 168, 169, 174, 178, 206, 208, 209, 217, 220, 229, 230, 232, 234, 242, 244, 245, 250, 254, 255, 256, 257, 258, 259, 260, 261, 262, 263, 265, 269, 271, 272, 273, 274, 275, 277, 296, 298, 300, 301, 302, 303, 304, 306, 310, 315, 317, 318, 321, 323, 330, 332, 333, 334, 336, 337, 338, 347, 348, 349, 355, 356, 357, 374, 375, 377, 378, 379, 387, 389, 391, 392, 393, 405, 406, 407, 409, 412, 415, 417, 418, 420, 426, 428, 429, 430, 433, 434], "excluded_lines": [], "executed_branches": [], "missing_branches": [[137, 138], [137, 145], [157, 158], [157, 159], [167, 168], [167, 169], [254, 255], [254, 257], [257, 258], [257, 265], [259, -252], [259, 260], [260, 259], [260, 261], [273, 274], [273, 275], [298, 300], [298, 310], [300, 301], [300, 306], [302, 300], [302, 303], [348, -340], [348, 349]], "functions": {"GitManager.__init__": {"executed_lines": [], "summary": {"covered_lines": 0, "num_statements": 5, "percent_covered": 0.0, "percent_covered_display": "0.00", "missing_lines": 5, "excluded_lines": 0, "num_branches": 0, "num_partial_branches": 0, "covered_branches": 0, "missing_branches": 0}, "missing_lines": [73, 74, 75, 78, 80], "excluded_lines": [], "executed_branches": [], "missing_branches": []}, "GitManager.clone_repository": {"executed_lines": [], "summary": {"covered_lines": 0, "num_statements": 25, "percent_covered": 0.0, "percent_covered_display": "0.00", "missing_lines": 25, "excluded_lines": 0, "num_branches": 6, "num_partial_branches": 0, "covered_branches": 0, "missing_branches": 6}, "missing_lines": [107, 108, 110, 112, 113, 115, 124, 133, 134, 137, 138, 143, 145, 147, 154, 156, 157, 158, 159, 164, 166, 167, 168, 169, 174], "excluded_lines": [], "executed_branches": [], "missing_branches": [[137, 138], [137, 145], [157, 158], [157, 159], [167, 168], [167, 169]]}, "GitManager._sync_clone": {"executed_lines": [], "summary": {"covered_lines": 0, "num_statements": 1, "percent_covered": 0.0, "percent_covered_display": "0.00", "missing_lines": 1, "excluded_lines": 0, "num_branches": 0, "num_partial_branches": 0, "covered_branches": 0, "missing_branches": 0}, "missing_lines": [178], "excluded_lines": [], "executed_branches": [], "missing_branches": []}, "GitManager.create_archive": {"executed_lines": [], "summary": {"covered_lines": 0, "num_statements": 13, "percent_covered": 0.0, "percent_covered_display": "0.00", "missing_lines": 13, "excluded_lines": 0, "num_branches": 0, "num_partial_branches": 0, "covered_branches": 0, "missing_branches": 0}, "missing_lines": [206, 208, 209, 217, 220, 229, 230, 232, 234, 242, 244, 245, 250], "excluded_lines": [], "executed_branches": [], "missing_branches": []}, "GitManager._sync_create_archive": {"executed_lines": [], "summary": {"covered_lines": 0, "num_statements": 11, "percent_covered": 0.0, "percent_covered_display": "0.00", "missing_lines": 11, "excluded_lines": 0, "num_branches": 8, "num_partial_branches": 0, "covered_branches": 0, "missing_branches": 8}, "missing_lines": [254, 255, 256, 257, 258, 259, 260, 261, 262, 263, 265], "excluded_lines": [], "executed_branches": [], "missing_branches": [[254, 255], [254, 257], [257, 258], [257, 265], [259, -252], [259, 260], [260, 259], [260, 261]]}, "GitManager._calculate_checksum": {"executed_lines": [], "summary": {"covered_lines": 0, "num_statements": 3, "percent_covered": 0.0, "percent_covered_display": "0.00", "missing_lines": 3, "excluded_lines": 0, "num_branches": 0, "num_partial_branches": 0, "covered_branches": 0, "missing_branches": 0}, "missing_lines": [269, 271, 277], "excluded_lines": [], "executed_branches": [], "missing_branches": []}, "GitManager._calculate_checksum._sync_hash": {"executed_lines": [], "summary": {"covered_lines": 0, "num_statements": 4, "percent_covered": 0.0, "percent_covered_display": "0.00", "missing_lines": 4, "excluded_lines": 0, "num_branches": 2, "num_partial_branches": 0, "covered_branches": 0, "missing_branches": 2}, "missing_lines": [272, 273, 274, 275], "excluded_lines": [], "executed_branches": [], "missing_branches": [[273, 274], [273, 275]]}, "GitManager.extract_manifest": {"executed_lines": [], "summary": {"covered_lines": 0, "num_statements": 21, "percent_covered": 0.0, "percent_covered_display": "0.00", "missing_lines": 21, "excluded_lines": 0, "num_branches": 6, "num_partial_branches": 0, "covered_branches": 0, "missing_branches": 6}, "missing_lines": [296, 298, 300, 301, 302, 303, 304, 306, 310, 315, 317, 318, 321, 323, 330, 332, 333, 334, 336, 337, 338], "excluded_lines": [], "executed_branches": [], "missing_branches": [[298, 300], [298, 310], [300, 301], [300, 306], [302, 300], [302, 303]]}, "GitManager.cleanup_clone": {"executed_lines": [], "summary": {"covered_lines": 0, "num_statements": 6, "percent_covered": 0.0, "percent_covered_display": "0.00", "missing_lines": 6, "excluded_lines": 0, "num_branches": 2, "num_partial_branches": 0, "covered_branches": 0, "missing_branches": 2}, "missing_lines": [347, 348, 349, 355, 356, 357], "excluded_lines": [], "executed_branches": [], "missing_branches": [[348, -340], [348, 349]]}, "GitManager.get_repository_info": {"executed_lines": [], "summary": {"covered_lines": 0, "num_statements": 10, "percent_covered": 0.0, "percent_covered_display": "0.00", "missing_lines": 10, "excluded_lines": 0, "num_branches": 0, "num_partial_branches": 0, "covered_branches": 0, "missing_branches": 0}, "missing_lines": [374, 375, 377, 378, 379, 387, 389, 391, 392, 393], "excluded_lines": [], "executed_branches": [], "missing_branches": []}, "GitManager.list_versions": {"executed_lines": [], "summary": {"covered_lines": 0, "num_statements": 15, "percent_covered": 0.0, "percent_covered_display": "0.00", "missing_lines": 15, "excluded_lines": 0, "num_branches": 0, "num_partial_branches": 0, "covered_branches": 0, "missing_branches": 0}, "missing_lines": [405, 406, 407, 409, 412, 415, 417, 418, 420, 426, 428, 429, 430, 433, 434], "excluded_lines": [], "executed_branches": [], "missing_branches": []}, "": {"executed_lines": [1, 6, 7, 8, 9, 10, 11, 12, 13, 14, 15, 16, 18, 19, 20, 21, 23, 25, 28, 29, 30, 33, 34, 35, 38, 39, 40, 43, 44, 45, 48, 49, 59, 87, 176, 186, 252, 267, 279, 340, 363, 395], "summary": {"covered_lines": 36, "num_statements": 36, "percent_covered": 100.0, "percent_covered_display": "100.00", "missing_lines": 0, "excluded_lines": 0, "num_branches": 0, "num_partial_branches": 0, "covered_branches": 0, "missing_branches": 0}, "missing_lines": [], "excluded_lines": [], "executed_branches": [], "missing_branches": []}}, "classes": {"GitManagerError": {"executed_lines": [], "summary": {"covered_lines": 0, "num_statements": 0, "percent_covered": 100.0, "percent_covered_display": "100.00", "missing_lines": 0, "excluded_lines": 0, "num_branches": 0, "num_partial_branches": 0, "covered_branches": 0, "missing_branches": 0}, "missing_lines": [], "excluded_lines": [], "executed_branches": [], "missing_branches": []}, "GitCloneError": {"executed_lines": [], "summary": {"covered_lines": 0, "num_statements": 0, "percent_covered": 100.0, "percent_covered_display": "100.00", "missing_lines": 0, "excluded_lines": 0, "num_branches": 0, "num_partial_branches": 0, "covered_branches": 0, "missing_branches": 0}, "missing_lines": [], "excluded_lines": [], "executed_branches": [], "missing_branches": []}, "GitArchiveError": {"executed_lines": [], "summary": {"covered_lines": 0, "num_statements": 0, "percent_covered": 100.0, "percent_covered_display": "100.00", "missing_lines": 0, "excluded_lines": 0, "num_branches": 0, "num_partial_branches": 0, "covered_branches": 0, "missing_branches": 0}, "missing_lines": [], "excluded_lines": [], "executed_branches": [], "missing_branches": []}, "ManifestNotFoundError": {"executed_lines": [], "summary": {"covered_lines": 0, "num_statements": 0, "percent_covered": 100.0, "percent_covered_display": "100.00", "missing_lines": 0, "excluded_lines": 0, "num_branches": 0, "num_partial_branches": 0, "covered_branches": 0, "missing_branches": 0}, "missing_lines": [], "excluded_lines": [], "executed_branches": [], "missing_branches": []}, "GitManager": {"executed_lines": [], "summary": {"covered_lines": 0, "num_statements": 114, "percent_covered": 0.0, "percent_covered_display": "0.00", "missing_lines": 114, "excluded_lines": 0, "num_branches": 24, "num_partial_branches": 0, "covered_branches": 0, "missing_branches": 24}, "missing_lines": [73, 74, 75, 78, 80, 107, 108, 110, 112, 113, 115, 124, 133, 134, 137, 138, 143, 145, 147, 154, 156, 157, 158, 159, 164, 166, 167, 168, 169, 174, 178, 206, 208, 209, 217, 220, 229, 230, 232, 234, 242, 244, 245, 250, 254, 255, 256, 257, 258, 259, 260, 261, 262, 263, 265, 269, 271, 272, 273, 274, 275, 277, 296, 298, 300, 301, 302, 303, 304, 306, 310, 315, 317, 318, 321, 323, 330, 332, 333, 334, 336, 337, 338, 347, 348, 349, 355, 356, 357, 374, 375, 377, 378, 379, 387, 389, 391, 392, 393, 405, 406, 407, 409, 412, 415, 417, 418, 420, 426, 428, 429, 430, 433, 434], "excluded_lines": [], "executed_branches": [], "missing_branches": [[137, 138], [137, 145], [157, 158], [157, 159], [167, 168], [167, 169], [254, 255], [254, 257], [257, 258], [257, 265], [259, -252], [259, 260], [260, 259], [260, 261], [273, 274], [273, 275], [298, 300], [298, 310], [300, 301], [300, 306], [302, 300], [302, 303], [348, -340], [348, 349]]}, "": {"executed_lines": [1, 6, 7, 8, 9, 10, 11, 12, 13, 14, 15, 16, 18, 19, 20, 21, 23, 25, 28, 29, 30, 33, 34, 35, 38, 39, 40, 43, 44, 45, 48, 49, 59, 87, 176, 186, 252, 267, 279, 340, 363, 395], "summary": {"covered_lines": 36, "num_statements": 36, "percent_covered": 100.0, "percent_covered_display": "100.00", "missing_lines": 0, "excluded_lines": 0, "num_branches": 0, "num_partial_branches": 0, "covered_branches": 0, "missing_branches": 0}, "missing_lines": [], "excluded_lines": [], "executed_branches": [], "missing_branches": []}}}, "json_storage_adapter.py": {"executed_lines": [1, 10, 11, 12, 13, 14, 16, 17, 19, 21, 24, 25, 27, 38, 88, 111, 211, 260, 333, 347], "summary": {"covered_lines": 17, "num_statements": 135, "percent_covered": 10.429447852760736, "percent_covered_display": "10.43", "missing_lines": 118, "excluded_lines": 28, "num_branches": 28, "num_partial_branches": 0, "covered_branches": 0, "missing_branches": 28}, "missing_lines": [34, 35, 36, 55, 57, 58, 59, 60, 61, 63, 66, 67, 69, 70, 72, 73, 75, 77, 78, 79, 81, 82, 84, 85, 86, 98, 99, 101, 102, 104, 105, 107, 108, 109, 126, 127, 130, 131, 132, 133, 134, 135, 136, 137, 138, 141, 142, 143, 144, 147, 148, 151, 152, 155, 156, 161, 162, 163, 166, 198, 205, 207, 208, 209, 221, 228, 229, 230, 232, 233, 235, 236, 239, 240, 242, 243, 248, 249, 251, 253, 254, 256, 257, 258, 267, 268, 270, 285, 286, 288, 289, 292, 293, 296, 297, 300, 301, 304, 305, 307, 308, 309, 310, 311, 312, 314, 317, 318, 319, 322, 323, 324, 326, 328, 329, 330, 343, 344], "excluded_lines": [347, 349, 350, 352, 353, 354, 355, 356, 357, 358, 359, 360, 361, 362, 363, 364, 365, 366, 367, 368, 369, 370, 371, 372, 373, 374, 375, 377], "executed_branches": [], "missing_branches": [[58, 59], [58, 81], [66, 67], [66, 69], [69, 70], [69, 72], [72, 73], [72, 75], [101, 102], [101, 104], [161, 162], [161, 166], [232, 233], [232, 253], [235, 236], [235, 239], [248, 249], [248, 251], [288, 289], [288, 322], [307, 308], [307, 309], [309, 310], [309, 311], [311, 312], [311, 314], [322, 323], [322, 326]], "functions": {"JSONStorageAdapter.__init__": {"executed_lines": [], "summary": {"covered_lines": 0, "num_statements": 3, "percent_covered": 0.0, "percent_covered_display": "0.00", "missing_lines": 3, "excluded_lines": 0, "num_branches": 0, "num_partial_branches": 0, "covered_branches": 0, "missing_branches": 0}, "missing_lines": [34, 35, 36], "excluded_lines": [], "executed_branches": [], "missing_branches": []}, "JSONStorageAdapter.list_json_templates": {"executed_lines": [], "summary": {"covered_lines": 0, "num_statements": 22, "percent_covered": 0.0, "percent_covered_display": "0.00", "missing_lines": 22, "excluded_lines": 0, "num_branches": 8, "num_partial_branches": 0, "covered_branches": 0, "missing_branches": 8}, "missing_lines": [55, 57, 58, 59, 60, 61, 63, 66, 67, 69, 70, 72, 73, 75, 77, 78, 79, 81, 82, 84, 85, 86], "excluded_lines": [], "executed_branches": [], "missing_branches": [[58, 59], [58, 81], [66, 67], [66, 69], [69, 70], [69, 72], [72, 73], [72, 75]]}, "JSONStorageAdapter.get_json_template": {"executed_lines": [], "summary": {"covered_lines": 0, "num_statements": 9, "percent_covered": 0.0, "percent_covered_display": "0.00", "missing_lines": 9, "excluded_lines": 0, "num_branches": 2, "num_partial_branches": 0, "covered_branches": 0, "missing_branches": 2}, "missing_lines": [98, 99, 101, 102, 104, 105, 107, 108, 109], "excluded_lines": [], "executed_branches": [], "missing_branches": [[101, 102], [101, 104]]}, "JSONStorageAdapter.register_json_template_to_db": {"executed_lines": [], "summary": {"covered_lines": 0, "num_statements": 30, "percent_covered": 0.0, "percent_covered_display": "0.00", "missing_lines": 30, "excluded_lines": 0, "num_branches": 2, "num_partial_branches": 0, "covered_branches": 0, "missing_branches": 2}, "missing_lines": [126, 127, 130, 131, 132, 133, 134, 135, 136, 137, 138, 141, 142, 143, 144, 147, 148, 151, 152, 155, 156, 161, 162, 163, 166, 198, 205, 207, 208, 209], "excluded_lines": [], "executed_branches": [], "missing_branches": [[161, 162], [161, 166]]}, "JSONStorageAdapter.sync_all_json_templates_to_db": {"executed_lines": [], "summary": {"covered_lines": 0, "num_statements": 20, "percent_covered": 0.0, "percent_covered_display": "0.00", "missing_lines": 20, "excluded_lines": 0, "num_branches": 6, "num_partial_branches": 0, "covered_branches": 0, "missing_branches": 6}, "missing_lines": [221, 228, 229, 230, 232, 233, 235, 236, 239, 240, 242, 243, 248, 249, 251, 253, 254, 256, 257, 258], "excluded_lines": [], "executed_branches": [], "missing_branches": [[232, 233], [232, 253], [235, 236], [235, 239], [248, 249], [248, 251]]}, "JSONStorageAdapter.get_json_template_stats": {"executed_lines": [], "summary": {"covered_lines": 0, "num_statements": 32, "percent_covered": 0.0, "percent_covered_display": "0.00", "missing_lines": 32, "excluded_lines": 0, "num_branches": 10, "num_partial_branches": 0, "covered_branches": 0, "missing_branches": 10}, "missing_lines": [267, 268, 270, 285, 286, 288, 289, 292, 293, 296, 297, 300, 301, 304, 305, 307, 308, 309, 310, 311, 312, 314, 317, 318, 319, 322, 323, 324, 326, 328, 329, 330], "excluded_lines": [], "executed_branches": [], "missing_branches": [[288, 289], [288, 322], [307, 308], [307, 309], [309, 310], [309, 311], [311, 312], [311, 314], [322, 323], [322, 326]]}, "sync_json_storage_to_registry": {"executed_lines": [], "summary": {"covered_lines": 0, "num_statements": 2, "percent_covered": 0.0, "percent_covered_display": "0.00", "missing_lines": 2, "excluded_lines": 0, "num_branches": 0, "num_partial_branches": 0, "covered_branches": 0, "missing_branches": 0}, "missing_lines": [343, 344], "excluded_lines": [], "executed_branches": [], "missing_branches": []}, "main": {"executed_lines": [], "summary": {"covered_lines": 0, "num_statements": 0, "percent_covered": 100.0, "percent_covered_display": "100.00", "missing_lines": 0, "excluded_lines": 22, "num_branches": 0, "num_partial_branches": 0, "covered_branches": 0, "missing_branches": 0}, "missing_lines": [], "excluded_lines": [354, 355, 356, 357, 358, 359, 360, 361, 362, 363, 364, 365, 366, 367, 368, 369, 370, 371, 372, 373, 374, 375], "executed_branches": [], "missing_branches": []}, "": {"executed_lines": [1, 10, 11, 12, 13, 14, 16, 17, 19, 21, 24, 25, 27, 38, 88, 111, 211, 260, 333, 347], "summary": {"covered_lines": 17, "num_statements": 17, "percent_covered": 100.0, "percent_covered_display": "100.00", "missing_lines": 0, "excluded_lines": 6, "num_branches": 0, "num_partial_branches": 0, "covered_branches": 0, "missing_branches": 0}, "missing_lines": [], "excluded_lines": [347, 349, 350, 352, 353, 377], "executed_branches": [], "missing_branches": []}}, "classes": {"JSONStorageAdapter": {"executed_lines": [], "summary": {"covered_lines": 0, "num_statements": 116, "percent_covered": 0.0, "percent_covered_display": "0.00", "missing_lines": 116, "excluded_lines": 0, "num_branches": 28, "num_partial_branches": 0, "covered_branches": 0, "missing_branches": 28}, "missing_lines": [34, 35, 36, 55, 57, 58, 59, 60, 61, 63, 66, 67, 69, 70, 72, 73, 75, 77, 78, 79, 81, 82, 84, 85, 86, 98, 99, 101, 102, 104, 105, 107, 108, 109, 126, 127, 130, 131, 132, 133, 134, 135, 136, 137, 138, 141, 142, 143, 144, 147, 148, 151, 152, 155, 156, 161, 162, 163, 166, 198, 205, 207, 208, 209, 221, 228, 229, 230, 232, 233, 235, 236, 239, 240, 242, 243, 248, 249, 251, 253, 254, 256, 257, 258, 267, 268, 270, 285, 286, 288, 289, 292, 293, 296, 297, 300, 301, 304, 305, 307, 308, 309, 310, 311, 312, 314, 317, 318, 319, 322, 323, 324, 326, 328, 329, 330], "excluded_lines": [], "executed_branches": [], "missing_branches": [[58, 59], [58, 81], [66, 67], [66, 69], [69, 70], [69, 72], [72, 73], [72, 75], [101, 102], [101, 104], [161, 162], [161, 166], [232, 233], [232, 253], [235, 236], [235, 239], [248, 249], [248, 251], [288, 289], [288, 322], [307, 308], [307, 309], [309, 310], [309, 311], [311, 312], [311, 314], [322, 323], [322, 326]]}, "": {"executed_lines": [1, 10, 11, 12, 13, 14, 16, 17, 19, 21, 24, 25, 27, 38, 88, 111, 211, 260, 333, 347], "summary": {"covered_lines": 17, "num_statements": 19, "percent_covered": 89.47368421052632, "percent_covered_display": "89.47", "missing_lines": 2, "excluded_lines": 28, "num_branches": 0, "num_partial_branches": 0, "covered_branches": 0, "missing_branches": 0}, "missing_lines": [343, 344], "excluded_lines": [347, 349, 350, 352, 353, 354, 355, 356, 357, 358, 359, 360, 361, 362, 363, 364, 365, 366, 367, 368, 369, 370, 371, 372, 373, 374, 375, 377], "executed_branches": [], "missing_branches": []}}}, "metrics.py": {"executed_lines": [1, 6, 7, 9, 12, 13, 14, 17, 24, 25, 27, 29, 37, 45, 52, 59, 66, 74, 82, 90, 98, 105, 106, 126, 129, 131, 132, 133, 140, 142, 143, 144, 150, 157, 164, 171, 181, 191, 201, 210, 221], "summary": {"covered_lines": 40, "num_statements": 79, "percent_covered": 38.26086956521739, "percent_covered_display": "38.26", "missing_lines": 39, "excluded_lines": 0, "num_branches": 36, "num_partial_branches": 2, "covered_branches": 4, "missing_branches": 32}, "missing_lines": [108, 110, 112, 113, 114, 115, 116, 117, 118, 119, 120, 121, 122, 123, 124, 152, 153, 154, 159, 160, 161, 166, 167, 168, 173, 174, 175, 183, 184, 185, 193, 194, 195, 203, 204, 205, 212, 213, 214], "excluded_lines": [], "executed_branches": [[24, 25], [24, 27], [132, 133], [143, 144]], "missing_branches": [[112, 113], [112, 124], [113, 112], [113, 114], [114, 115], [114, 116], [116, 117], [116, 118], [118, 119], [118, 120], [120, 121], [120, 122], [122, 113], [122, 123], [132, -129], [143, -140], [153, -150], [153, 154], [160, -157], [160, 161], [167, -164], [167, 168], [174, -171], [174, 175], [184, -181], [184, 185], [194, -191], [194, 195], [204, -201], [204, 205], [213, -210], [213, 214]], "functions": {"get_metrics": {"executed_lines": [24, 25, 27, 29, 37, 45, 52, 59, 66, 74, 82, 90, 98, 105, 106, 126], "summary": {"covered_lines": 16, "num_statements": 31, "percent_covered": 38.297872340425535, "percent_covered_display": "38.30", "missing_lines": 15, "excluded_lines": 0, "num_branches": 16, "num_partial_branches": 0, "covered_branches": 2, "missing_branches": 14}, "missing_lines": [108, 110, 112, 113, 114, 115, 116, 117, 118, 119, 120, 121, 122, 123, 124], "excluded_lines": [], "executed_branches": [[24, 25], [24, 27]], "missing_branches": [[112, 113], [112, 124], [113, 112], [113, 114], [114, 115], [114, 116], [116, 117], [116, 118], [118, 119], [118, 120], [120, 121], [120, 122], [122, 113], [122, 123]]}, "record_request": {"executed_lines": [131, 132, 133], "summary": {"covered_lines": 3, "num_statements": 3, "percent_covered": 80.0, "percent_covered_display": "80.00", "missing_lines": 0, "excluded_lines": 0, "num_branches": 2, "num_partial_branches": 1, "covered_branches": 1, "missing_branches": 1}, "missing_lines": [], "excluded_lines": [], "executed_branches": [[132, 133]], "missing_branches": [[132, -129]]}, "observe_duration": {"executed_lines": [142, 143, 144], "summary": {"covered_lines": 3, "num_statements": 3, "percent_covered": 80.0, "percent_covered_display": "80.00", "missing_lines": 0, "excluded_lines": 0, "num_branches": 2, "num_partial_branches": 1, "covered_branches": 1, "missing_branches": 1}, "missing_lines": [], "excluded_lines": [], "executed_branches": [[143, 144]], "missing_branches": [[143, -140]]}, "set_active_services": {"executed_lines": [], "summary": {"covered_lines": 0, "num_statements": 3, "percent_covered": 0.0, "percent_covered_display": "0.00", "missing_lines": 3, "excluded_lines": 0, "num_branches": 2, "num_partial_branches": 0, "covered_branches": 0, "missing_branches": 2}, "missing_lines": [152, 153, 154], "excluded_lines": [], "executed_branches": [], "missing_branches": [[153, -150], [153, 154]]}, "increment_port_conflicts": {"executed_lines": [], "summary": {"covered_lines": 0, "num_statements": 3, "percent_covered": 0.0, "percent_covered_display": "0.00", "missing_lines": 3, "excluded_lines": 0, "num_branches": 2, "num_partial_branches": 0, "covered_branches": 0, "missing_branches": 2}, "missing_lines": [159, 160, 161], "excluded_lines": [], "executed_branches": [], "missing_branches": [[160, -157], [160, 161]]}, "increment_asset_violations": {"executed_lines": [], "summary": {"covered_lines": 0, "num_statements": 3, "percent_covered": 0.0, "percent_covered_display": "0.00", "missing_lines": 3, "excluded_lines": 0, "num_branches": 2, "num_partial_branches": 0, "covered_branches": 0, "missing_branches": 2}, "missing_lines": [166, 167, 168], "excluded_lines": [], "executed_branches": [], "missing_branches": [[167, -164], [167, 168]]}, "record_template_operation": {"executed_lines": [], "summary": {"covered_lines": 0, "num_statements": 3, "percent_covered": 0.0, "percent_covered_display": "0.00", "missing_lines": 3, "excluded_lines": 0, "num_branches": 2, "num_partial_branches": 0, "covered_branches": 0, "missing_branches": 2}, "missing_lines": [173, 174, 175], "excluded_lines": [], "executed_branches": [], "missing_branches": [[174, -171], [174, 175]]}, "record_template_search": {"executed_lines": [], "summary": {"covered_lines": 0, "num_statements": 3, "percent_covered": 0.0, "percent_covered_display": "0.00", "missing_lines": 3, "excluded_lines": 0, "num_branches": 2, "num_partial_branches": 0, "covered_branches": 0, "missing_branches": 2}, "missing_lines": [183, 184, 185], "excluded_lines": [], "executed_branches": [], "missing_branches": [[184, -181], [184, 185]]}, "record_template_download": {"executed_lines": [], "summary": {"covered_lines": 0, "num_statements": 3, "percent_covered": 0.0, "percent_covered_display": "0.00", "missing_lines": 3, "excluded_lines": 0, "num_branches": 2, "num_partial_branches": 0, "covered_branches": 0, "missing_branches": 2}, "missing_lines": [193, 194, 195], "excluded_lines": [], "executed_branches": [], "missing_branches": [[194, -191], [194, 195]]}, "observe_db_operation": {"executed_lines": [], "summary": {"covered_lines": 0, "num_statements": 3, "percent_covered": 0.0, "percent_covered_display": "0.00", "missing_lines": 3, "excluded_lines": 0, "num_branches": 2, "num_partial_branches": 0, "covered_branches": 0, "missing_branches": 2}, "missing_lines": [203, 204, 205], "excluded_lines": [], "executed_branches": [], "missing_branches": [[204, -201], [204, 205]]}, "record_cache_operation": {"executed_lines": [], "summary": {"covered_lines": 0, "num_statements": 3, "percent_covered": 0.0, "percent_covered_display": "0.00", "missing_lines": 3, "excluded_lines": 0, "num_branches": 2, "num_partial_branches": 0, "covered_branches": 0, "missing_branches": 2}, "missing_lines": [212, 213, 214], "excluded_lines": [], "executed_branches": [], "missing_branches": [[213, -210], [213, 214]]}, "": {"executed_lines": [1, 6, 7, 9, 12, 13, 14, 17, 129, 140, 150, 157, 164, 171, 181, 191, 201, 210, 221], "summary": {"covered_lines": 18, "num_statements": 18, "percent_covered": 100.0, "percent_covered_display": "100.00", "missing_lines": 0, "excluded_lines": 0, "num_branches": 0, "num_partial_branches": 0, "covered_branches": 0, "missing_branches": 0}, "missing_lines": [], "excluded_lines": [], "executed_branches": [], "missing_branches": []}}, "classes": {"": {"executed_lines": [1, 6, 7, 9, 12, 13, 14, 17, 24, 25, 27, 29, 37, 45, 52, 59, 66, 74, 82, 90, 98, 105, 106, 126, 129, 131, 132, 133, 140, 142, 143, 144, 150, 157, 164, 171, 181, 191, 201, 210, 221], "summary": {"covered_lines": 40, "num_statements": 79, "percent_covered": 38.26086956521739, "percent_covered_display": "38.26", "missing_lines": 39, "excluded_lines": 0, "num_branches": 36, "num_partial_branches": 2, "covered_branches": 4, "missing_branches": 32}, "missing_lines": [108, 110, 112, 113, 114, 115, 116, 117, 118, 119, 120, 121, 122, 123, 124, 152, 153, 154, 159, 160, 161, 166, 167, 168, 173, 174, 175, 183, 184, 185, 193, 194, 195, 203, 204, 205, 212, 213, 214], "excluded_lines": [], "executed_branches": [[24, 25], [24, 27], [132, 133], [143, 144]], "missing_branches": [[112, 113], [112, 124], [113, 112], [113, 114], [114, 115], [114, 116], [116, 117], [116, 118], [118, 119], [118, 120], [120, 121], [120, 122], [122, 113], [122, 123], [132, -129], [143, -140], [153, -150], [153, 154], [160, -157], [160, 161], [167, -164], [167, 168], [174, -171], [174, 175], [184, -181], [184, 185], [194, -191], [194, 195], [204, -201], [204, 205], [213, -210], [213, 214]]}}}, "models/__init__.py": {"executed_lines": [1, 6, 16, 26, 42, 95], "summary": {"covered_lines": 5, "num_statements": 5, "percent_covered": 100.0, "percent_covered_display": "100.00", "missing_lines": 0, "excluded_lines": 0, "num_branches": 0, "num_partial_branches": 0, "covered_branches": 0, "missing_branches": 0}, "missing_lines": [], "excluded_lines": [], "executed_branches": [], "missing_branches": [], "functions": {"": {"executed_lines": [1, 6, 16, 26, 42, 95], "summary": {"covered_lines": 5, "num_statements": 5, "percent_covered": 100.0, "percent_covered_display": "100.00", "missing_lines": 0, "excluded_lines": 0, "num_branches": 0, "num_partial_branches": 0, "covered_branches": 0, "missing_branches": 0}, "missing_lines": [], "excluded_lines": [], "executed_branches": [], "missing_branches": []}}, "classes": {"": {"executed_lines": [1, 6, 16, 26, 42, 95], "summary": {"covered_lines": 5, "num_statements": 5, "percent_covered": 100.0, "percent_covered_display": "100.00", "missing_lines": 0, "excluded_lines": 0, "num_branches": 0, "num_partial_branches": 0, "covered_branches": 0, "missing_branches": 0}, "missing_lines": [], "excluded_lines": [], "executed_branches": [], "missing_branches": []}}}, "models/manifest.py": {"executed_lines": [1, 6, 7, 8, 9, 12, 13, 14, 15, 16, 17, 18, 19, 22, 23, 24, 25, 26, 27, 30, 31, 32, 33, 34, 35, 36, 37, 38, 39, 40, 41, 42, 43, 46, 47, 48, 49, 50, 51, 52, 53, 54, 56, 57, 58, 67, 68, 69, 78, 79, 94, 97, 98, 99, 100, 101, 102, 104, 105, 106, 116, 117, 118, 119, 120, 121, 122, 124, 125, 126, 138, 139, 140, 146, 149, 150, 151, 152, 153, 156, 157, 158, 159, 160, 162, 163, 164, 172, 173, 174, 183, 184, 185, 186, 187, 188, 191, 192, 195, 196, 197, 198, 201, 204, 207, 208, 209, 210, 211, 213, 214, 215, 223, 224, 225, 234, 235, 236, 244, 245, 253, 288], "summary": {"covered_lines": 111, "num_statements": 195, "percent_covered": 42.20532319391635, "percent_covered_display": "42.21", "missing_lines": 84, "excluded_lines": 0, "num_branches": 68, "num_partial_branches": 0, "covered_branches": 0, "missing_branches": 68}, "missing_lines": [60, 61, 65, 71, 72, 73, 74, 75, 76, 81, 82, 83, 84, 85, 86, 87, 88, 89, 90, 92, 108, 109, 110, 111, 112, 113, 12
[...]
nes": [], "summary": {"covered_lines": 0, "num_statements": 15, "percent_covered": 0.0, "percent_covered_display": "0.00", "missing_lines": 15, "excluded_lines": 0, "num_branches": 2, "num_partial_branches": 0, "covered_branches": 0, "missing_branches": 2}, "missing_lines": [296, 298, 299, 301, 302, 308, 311, 319, 321, 328, 337, 338, 339, 340, 341], "excluded_lines": [], "executed_branches": [], "missing_branches": [[301, 302], [301, 308]]}, "list_workflow_runs": {"executed_lines": [], "summary": {"covered_lines": 0, "num_statements": 16, "percent_covered": 0.0, "percent_covered_display": "0.00", "missing_lines": 16, "excluded_lines": 0, "num_branches": 4, "num_partial_branches": 0, "covered_branches": 0, "missing_branches": 4}, "missing_lines": [357, 358, 360, 361, 364, 365, 366, 368, 393, 395, 396, 397, 399, 404, 405, 406], "excluded_lines": [], "executed_branches": [], "missing_branches": [[360, 361], [360, 364], [364, 365], [364, 399]]}, "get_workflow_run": {"executed_lines": [], "summary": {"covered_lines": 0, "num_statements": 12, "percent_covered": 0.0, "percent_covered_display": "0.00", "missing_lines": 12, "excluded_lines": 0, "num_branches": 4, "num_partial_branches": 0, "covered_branches": 0, "missing_branches": 4}, "missing_lines": [422, 423, 424, 430, 431, 433, 458, 463, 464, 465, 466, 467], "excluded_lines": [], "executed_branches": [], "missing_branches": [[423, 424], [423, 430], [430, 431], [430, 458]]}, "get_workflow_stats": {"executed_lines": [], "summary": {"covered_lines": 0, "num_statements": 14, "percent_covered": 0.0, "percent_covered_display": "0.00", "missing_lines": 14, "excluded_lines": 0, "num_branches": 4, "num_partial_branches": 0, "covered_branches": 0, "missing_branches": 4}, "missing_lines": [480, 481, 484, 485, 486, 489, 496, 497, 498, 501, 503, 514, 515, 516], "excluded_lines": [], "executed_branches": [], "missing_branches": [[485, 486], [485, 489], [497, 498], [497, 501]]}, "": {"executed_lines": [1, 6, 7, 8, 9, 11, 12, 13, 15, 27, 29, 31, 34, 35, 36, 39, 50, 59, 124, 125, 187, 188, 219, 220, 282, 283, 347, 348, 412, 413, 473, 474], "summary": {"covered_lines": 31, "num_statements": 31, "percent_covered": 100.0, "percent_covered_display": "100.00", "missing_lines": 0, "excluded_lines": 0, "num_branches": 0, "num_partial_branches": 0, "covered_branches": 0, "missing_branches": 0}, "missing_lines": [], "excluded_lines": [], "executed_branches": [], "missing_branches": []}}, "classes": {"": {"executed_lines": [1, 6, 7, 8, 9, 11, 12, 13, 15, 27, 29, 31, 34, 35, 36, 39, 50, 59, 124, 125, 187, 188, 219, 220, 282, 283, 347, 348, 412, 413, 473, 474], "summary": {"covered_lines": 31, "num_statements": 174, "percent_covered": 14.220183486238533, "percent_covered_display": "14.22", "missing_lines": 143, "excluded_lines": 0, "num_branches": 44, "num_partial_branches": 0, "covered_branches": 0, "missing_branches": 44}, "missing_lines": [41, 42, 43, 44, 45, 46, 47, 52, 53, 54, 55, 56, 61, 63, 64, 65, 68, 71, 72, 73, 74, 76, 77, 80, 104, 105, 106, 107, 108, 109, 110, 111, 112, 113, 115, 117, 118, 119, 121, 144, 146, 149, 151, 152, 154, 155, 157, 158, 160, 161, 163, 164, 167, 168, 169, 170, 172, 179, 180, 181, 197, 198, 200, 201, 202, 204, 209, 210, 211, 212, 213, 233, 235, 236, 238, 239, 245, 248, 256, 258, 264, 272, 273, 274, 275, 276, 296, 298, 299, 301, 302, 308, 311, 319, 321, 328, 337, 338, 339, 340, 341, 357, 358, 360, 361, 364, 365, 366, 368, 393, 395, 396, 397, 399, 404, 405, 406, 422, 423, 424, 430, 431, 433, 458, 463, 464, 465, 466, 467, 480, 481, 484, 485, 486, 489, 496, 497, 498, 501, 503, 514, 515, 516], "excluded_lines": [], "executed_branches": [], "missing_branches": [[41, 42], [41, 47], [63, 64], [63, 68], [71, 72], [71, 121], [76, 71], [76, 77], [104, 105], [104, 115], [107, 108], [107, 109], [110, 111], [110, 112], [151, 152], [151, 154], [154, 155], [154, 157], [157, 158], [157, 160], [160, 161], [160, 163], [163, 164], [163, 167], [200, 201], [200, 204], [201, 200], [201, 202], [238, 239], [238, 245], [301, 302], [301, 308], [360, 361], [360, 364], [364, 365], [364, 399], [423, 424], [423, 430], [430, 431], [430, 458], [485, 486], [485, 489], [497, 498], [497, 501]]}}}, "security.py": {"executed_lines": [1, 6, 7, 8, 9, 10, 12, 13, 14, 16, 19, 20, 23, 26, 27, 29, 30, 31, 32, 33, 35, 36, 38, 42, 47, 50, 78, 102, 143, 166, 167, 169, 172], "summary": {"covered_lines": 30, "num_statements": 69, "percent_covered": 34.831460674157306, "percent_covered_display": "34.83", "missing_lines": 39, "excluded_lines": 0, "num_branches": 20, "num_partial_branches": 1, "covered_branches": 1, "missing_branches": 19}, "missing_lines": [40, 44, 58, 59, 61, 62, 63, 68, 69, 70, 75, 85, 86, 87, 92, 93, 94, 99, 116, 117, 119, 120, 123, 129, 130, 136, 139, 140, 153, 155, 156, 157, 163, 170, 174, 176, 177, 178, 184], "excluded_lines": [], "executed_branches": [[35, 36]], "missing_branches": [[35, -29], [58, 59], [58, 61], [61, 62], [61, 68], [68, 69], [68, 75], [85, 86], [85, 92], [92, 93], [92, 99], [116, 117], [116, 119], [129, 130], [129, 139], [155, 156], [155, 163], [176, 177], [176, 184]], "functions": {"SecurityConfig.__init__": {"executed_lines": [30, 31, 32, 33, 35, 36], "summary": {"covered_lines": 6, "num_statements": 6, "percent_covered": 87.5, "percent_covered_display": "87.50", "missing_lines": 0, "excluded_lines": 0, "num_branches": 2, "num_partial_branches": 1, "covered_branches": 1, "missing_branches": 1}, "missing_lines": [], "excluded_lines": [], "executed_branches": [[35, 36]], "missing_branches": [[35, -29]]}, "SecurityConfig.is_valid_api_key": {"executed_lines": [], "summary": {"covered_lines": 0, "num_statements": 1, "percent_covered": 0.0, "percent_covered_display": "0.00", "missing_lines": 1, "excluded_lines": 0, "num_branches": 0, "num_partial_branches": 0, "covered_branches": 0, "missing_branches": 0}, "missing_lines": [40], "excluded_lines": [], "executed_branches": [], "missing_branches": []}, "SecurityConfig.is_valid_admin_key": {"executed_lines": [], "summary": {"covered_lines": 0, "num_statements": 1, "percent_covered": 0.0, "percent_covered_display": "0.00", "missing_lines": 1, "excluded_lines": 0, "num_branches": 0, "num_partial_branches": 0, "covered_branches": 0, "missing_branches": 0}, "missing_lines": [44], "excluded_lines": [], "executed_branches": [], "missing_branches": []}, "verify_api_key": {"executed_lines": [], "summary": {"covered_lines": 0, "num_statements": 9, "percent_covered": 0.0, "percent_covered_display": "0.00", "missing_lines": 9, "excluded_lines": 0, "num_branches": 6, "num_partial_branches": 0, "covered_branches": 0, "missing_branches": 6}, "missing_lines": [58, 59, 61, 62, 63, 68, 69, 70, 75], "excluded_lines": [], "executed_branches": [], "missing_branches": [[58, 59], [58, 61], [61, 62], [61, 68], [68, 69], [68, 75]]}, "verify_admin_key": {"executed_lines": [], "summary": {"covered_lines": 0, "num_statements": 7, "percent_covered": 0.0, "percent_covered_display": "0.00", "missing_lines": 7, "excluded_lines": 0, "num_branches": 4, "num_partial_branches": 0, "covered_branches": 0, "missing_branches": 4}, "missing_lines": [85, 86, 87, 92, 93, 94, 99], "excluded_lines": [], "executed_branches": [], "missing_branches": [[85, 86], [85, 92], [92, 93], [92, 99]]}, "check_rate_limit": {"executed_lines": [], "summary": {"covered_lines": 0, "num_statements": 10, "percent_covered": 0.0, "percent_covered_display": "0.00", "missing_lines": 10, "excluded_lines": 0, "num_branches": 4, "num_partial_branches": 0, "covered_branches": 0, "missing_branches": 4}, "missing_lines": [116, 117, 119, 120, 123, 129, 130, 136, 139, 140], "excluded_lines": [], "executed_branches": [], "missing_branches": [[116, 117], [116, 119], [129, 130], [129, 139]]}, "rate_limit_dependency": {"executed_lines": [], "summary": {"covered_lines": 0, "num_statements": 5, "percent_covered": 0.0, "percent_covered_display": "0.00", "missing_lines": 5, "excluded_lines": 0, "num_branches": 2, "num_partial_branches": 0, "covered_branches": 0, "missing_branches": 2}, "missing_lines": [153, 155, 156, 157, 163], "excluded_lines": [], "executed_branches": [], "missing_branches": [[155, 156], [155, 163]]}, "RateLimiter.__init__": {"executed_lines": [], "summary": {"covered_lines": 0, "num_statements": 1, "percent_covered": 0.0, "percent_covered_display": "0.00", "missing_lines": 1, "excluded_lines": 0, "num_branches": 0, "num_partial_branches": 0, "covered_branches": 0, "missing_branches": 0}, "missing_lines": [170], "excluded_lines": [], "executed_branches": [], "missing_branches": []}, "RateLimiter.__call__": {"executed_lines": [], "summary": {"covered_lines": 0, "num_statements": 5, "percent_covered": 0.0, "percent_covered_display": "0.00", "missing_lines": 5, "excluded_lines": 0, "num_branches": 2, "num_partial_branches": 0, "covered_branches": 0, "missing_branches": 2}, "missing_lines": [174, 176, 177, 178, 184], "excluded_lines": [], "executed_branches": [], "missing_branches": [[176, 177], [176, 184]]}, "": {"executed_lines": [1, 6, 7, 8, 9, 10, 12, 13, 14, 16, 19, 20, 23, 26, 27, 29, 38, 42, 47, 50, 78, 102, 143, 166, 167, 169, 172], "summary": {"covered_lines": 24, "num_statements": 24, "percent_covered": 100.0, "percent_covered_display": "100.00", "missing_lines": 0, "excluded_lines": 0, "num_branches": 0, "num_partial_branches": 0, "covered_branches": 0, "missing_branches": 0}, "missing_lines": [], "excluded_lines": [], "executed_branches": [], "missing_branches": []}}, "classes": {"SecurityConfig": {"executed_lines": [30, 31, 32, 33, 35, 36], "summary": {"covered_lines": 6, "num_statements": 8, "percent_covered": 70.0, "percent_covered_display": "70.00", "missing_lines": 2, "excluded_lines": 0, "num_branches": 2, "num_partial_branches": 1, "covered_branches": 1, "missing_branches": 1}, "missing_lines": [40, 44], "excluded_lines": [], "executed_branches": [[35, 36]], "missing_branches": [[35, -29]]}, "RateLimiter": {"executed_lines": [], "summary": {"covered_lines": 0, "num_statements": 6, "percent_covered": 0.0, "percent_covered_display": "0.00", "missing_lines": 6, "excluded_lines": 0, "num_branches": 2, "num_partial_branches": 0, "covered_branches": 0, "missing_branches": 2}, "missing_lines": [170, 174, 176, 177, 178, 184], "excluded_lines": [], "executed_branches": [], "missing_branches": [[176, 177], [176, 184]]}, "": {"executed_lines": [1, 6, 7, 8, 9, 10, 12, 13, 14, 16, 19, 20, 23, 26, 27, 29, 38, 42, 47, 50, 78, 102, 143, 166, 167, 169, 172], "summary": {"covered_lines": 24, "num_statements": 55, "percent_covered": 33.80281690140845, "percent_covered_display": "33.80", "missing_lines": 31, "excluded_lines": 0, "num_branches": 16, "num_partial_branches": 0, "covered_branches": 0, "missing_branches": 16}, "missing_lines": [58, 59, 61, 62, 63, 68, 69, 70, 75, 85, 86, 87, 92, 93, 94, 99, 116, 117, 119, 120, 123, 129, 130, 136, 139, 140, 153, 155, 156, 157, 163], "excluded_lines": [], "executed_branches": [], "missing_branches": [[58, 59], [58, 61], [61, 62], [61, 68], [68, 69], [68, 75], [85, 86], [85, 92], [92, 93], [92, 99], [116, 117], [116, 119], [129, 130], [129, 139], [155, 156], [155, 163]]}}}, "seeder.py": {"executed_lines": [1, 6, 7, 8, 9, 10, 11, 13, 14, 16, 17, 19, 22, 23, 25, 36, 112, 253, 273], "summary": {"covered_lines": 16, "num_statements": 85, "percent_covered": 15.841584158415841, "percent_covered_display": "15.84", "missing_lines": 69, "excluded_lines": 30, "num_branches": 16, "num_partial_branches": 0, "covered_branches": 0, "missing_branches": 16}, "missing_lines": [33, 34, 51, 53, 63, 65, 66, 67, 68, 69, 70, 71, 73, 74, 76, 77, 79, 82, 83, 84, 85, 86, 87, 88, 89, 90, 92, 94, 104, 106, 107, 108, 109, 110, 126, 127, 128, 129, 131, 132, 134, 137, 138, 144, 145, 146, 147, 150, 151, 152, 158, 161, 162, 169, 172, 173, 175, 177, 210, 211, 214, 244, 245, 249, 250, 265, 267, 268, 270], "excluded_lines": [273, 275, 277, 278, 279, 280, 281, 282, 283, 284, 285, 286, 287, 288, 289, 290, 291, 292, 293, 294, 295, 296, 297, 298, 299, 300, 301, 302, 303, 305], "executed_branches": [], "missing_branches": [[66, 67], [66, 73], [82, 83], [82, 92], [131, 132], [131, 134], [144, 145], [144, 150], [161, 162], [161, 169], [175, 177], [175, 214], [249, -112], [249, 250], [267, 268], [267, 270]], "functions": {"TemplateSeeder.__init__": {"executed_lines": [], "summary": {"covered_lines": 0, "num_statements": 2, "percent_covered": 0.0, "percent_covered_display": "0.00", "missing_lines": 2, "excluded_lines": 0, "num_branches": 0, "num_partial_branches": 0, "covered_branches": 0, "missing_branches": 0}, "missing_lines": [33, 34], "excluded_lines": [], "executed_branches": [], "missing_branches": []}, "TemplateSeeder.seed_from_config": {"executed_lines": [], "summary": {"covered_lines": 0, "num_statements": 32, "percent_covered": 0.0, "percent_covered_display": "0.00", "missing_lines": 32, "excluded_lines": 0, "num_branches": 4, "num_partial_branches": 0, "covered_branches": 0, "missing_branches": 4}, "missing_lines": [51, 53, 63, 65, 66, 67, 68, 69, 70, 71, 73, 74, 76, 77, 79, 82, 83, 84, 85, 86, 87, 88, 89, 90, 92, 94, 104, 106, 107, 108, 109, 110], "excluded_lines": [], "executed_branches": [], "missing_branches": [[66, 67], [66, 73], [82, 83], [82, 92]]}, "TemplateSeeder._seed_template": {"executed_lines": [], "summary": {"covered_lines": 0, "num_statements": 31, "percent_covered": 0.0, "percent_covered_display": "0.00", "missing_lines": 31, "excluded_lines": 0, "num_branches": 10, "num_partial_branches": 0, "covered_branches": 0, "missing_branches": 10}, "missing_lines": [126, 127, 128, 129, 131, 132, 134, 137, 138, 144, 145, 146, 147, 150, 151, 152, 158, 161, 162, 169, 172, 173, 175, 177, 210, 211, 214, 244, 245, 249, 250], "excluded_lines": [], "executed_branches": [], "missing_branches": [[131, 132], [131, 134], [144, 145], [144, 150], [161, 162], [161, 169], [175, 177], [175, 214], [249, -112], [249, 250]]}, "run_seeder": {"executed_lines": [], "summary": {"covered_lines": 0, "num_statements": 4, "percent_covered": 0.0, "percent_covered_display": "0.00", "missing_lines": 4, "excluded_lines": 0, "num_branches": 2, "num_partial_branches": 0, "covered_branches": 0, "missing_branches": 2}, "missing_lines": [265, 267, 268, 270], "excluded_lines": [], "executed_branches": [], "missing_branches": [[267, 268], [267, 270]]}, "main": {"executed_lines": [], "summary": {"covered_lines": 0, "num_statements": 0, "percent_covered": 100.0, "percent_covered_display": "100.00", "missing_lines": 0, "excluded_lines": 25, "num_branches": 0, "num_partial_branches": 0, "covered_branches": 0, "missing_branches": 0}, "missing_lines": [], "excluded_lines": [279, 280, 281, 282, 283, 284, 285, 286, 287, 288, 289, 290, 291, 292, 293, 294, 295, 296, 297, 298, 299, 300, 301, 302, 303], "executed_branches": [], "missing_branches": []}, "": {"executed_lines": [1, 6, 7, 8, 9, 10, 11, 13, 14, 16, 17, 19, 22, 23, 25, 36, 112, 253, 273], "summary": {"covered_lines": 16, "num_statements": 16, "percent_covered": 100.0, "percent_covered_display": "100.00", "missing_lines": 0, "excluded_lines": 5, "num_branches": 0, "num_partial_branches": 0, "covered_branches": 0, "missing_branches": 0}, "missing_lines": [], "excluded_lines": [273, 275, 277, 278, 305], "executed_branches": [], "missing_branches": []}}, "classes": {"TemplateSeeder": {"executed_lines": [], "summary": {"covered_lines": 0, "num_statements": 65, "percent_covered": 0.0, "percent_covered_display": "0.00", "missing_lines": 65, "excluded_lines": 0, "num_branches": 14, "num_partial_branches": 0, "covered_branches": 0, "missing_branches": 14}, "missing_lines": [33, 34, 51, 53, 63, 65, 66, 67, 68, 69, 70, 71, 73, 74, 76, 77, 79, 82, 83, 84, 85, 86, 87, 88, 89, 90, 92, 94, 104, 106, 107, 108, 109, 110, 126, 127, 128, 129, 131, 132, 134, 137, 138, 144, 145, 146, 147, 150, 151, 152, 158, 161, 162, 169, 172, 173, 175, 177, 210, 211, 214, 244, 245, 249, 250], "excluded_lines": [], "executed_branches": [], "missing_branches": [[66, 67], [66, 73], [82, 83], [82, 92], [131, 132], [131, 134], [144, 145], [144, 150], [161, 162], [161, 169], [175, 177], [175, 214], [249, -112], [249, 250]]}, "": {"executed_lines": [1, 6, 7, 8, 9, 10, 11, 13, 14, 16, 17, 19, 22, 23, 25, 36, 112, 253, 273], "summary": {"covered_lines": 16, "num_statements": 20, "percent_covered": 72.72727272727273, "percent_covered_display": "72.73", "missing_lines": 4, "excluded_lines": 30, "num_branches": 2, "num_partial_branches": 0, "covered_branches": 0, "missing_branches": 2}, "missing_lines": [265, 267, 268, 270], "excluded_lines": [273, 275, 277, 278, 279, 280, 281, 282, 283, 284, 285, 286, 287, 288, 289, 290, 291, 292, 293, 294, 295, 296, 297, 298, 299, 300, 301, 302, 303, 305], "executed_branches": [], "missing_branches": [[267, 268], [267, 270]]}}}, "sync_json_to_db.py": {"executed_lines": [], "summary": {"covered_lines": 0, "num_statements": 82, "percent_covered": 0.0, "percent_covered_display": "0.00", "missing_lines": 82, "excluded_lines": 4, "num_branches": 10, "num_partial_branches": 0, "covered_branches": 0, "missing_branches": 10}, "missing_lines": [7, 8, 9, 10, 11, 12, 13, 16, 19, 27, 30, 34, 36, 38, 39, 40, 42, 43, 45, 46, 47, 48, 50, 51, 52, 54, 55, 57, 58, 60, 61, 63, 64, 65, 66, 69, 70, 71, 73, 74, 75, 76, 79, 84, 85, 86, 87, 90, 93, 94, 95, 96, 97, 98, 99, 100, 101, 102, 103, 104, 105, 106, 107, 108, 109, 112, 152, 153, 155, 156, 157, 158, 161, 162, 163, 164, 165, 166, 167, 170, 171, 174], "excluded_lines": [177, 178, 179, 180], "executed_branches": [], "missing_branches": [[45, 46], [45, 50], [47, 48], [47, 50], [54, 55], [54, 161], [63, 64], [63, 69], [84, 85], [84, 90]], "functions": {"sync_templates": {"executed_lines": [], "summary": {"covered_lines": 0, "num_statements": 71, "percent_covered": 0.0, "percent_covered_display": "0.00", "missing_lines": 71, "excluded_lines": 0, "num_branches": 10, "num_partial_branches": 0, "covered_branches": 0, "missing_branches": 10}, "missing_lines": [34, 36, 38, 39, 40, 42, 43, 45, 46, 47, 48, 50, 51, 52, 54, 55, 57, 58, 60, 61, 63, 64, 65, 66, 69, 70, 71, 73, 74, 75, 76, 79, 84, 85, 86, 87, 90, 93, 94, 95, 96, 97, 98, 99, 100, 101, 102, 103, 104, 105, 106, 107, 108, 109, 112, 152, 153, 155, 156, 157, 158, 161, 162, 163, 164, 165, 166, 167, 170, 171, 174], "excluded_lines": [], "executed_branches": [], "missing_branches": [[45, 46], [45, 50], [47, 48], [47, 50], [54, 55], [54, 161], [63, 64], [63, 69], [84, 85], [84, 90]]}, "": {"executed_lines": [], "summary": {"covered_lines": 0, "num_statements": 11, "percent_covered": 0.0, "percent_covered_display": "0.00", "missing_lines": 11, "excluded_lines": 4, "num_branches": 0, "num_partial_branches": 0, "covered_branches": 0, "missing_branches": 0}, "missing_lines": [7, 8, 9, 10, 11, 12, 13, 16, 19, 27, 30], "excluded_lines": [177, 178, 179, 180], "executed_branches": [], "missing_branches": []}}, "classes": {"": {"executed_lines": [], "summary": {"covered_lines": 0, "num_statements": 82, "percent_covered": 0.0, "percent_covered_display": "0.00", "missing_lines": 82, "excluded_lines": 4, "num_branches": 10, "num_partial_branches": 0, "covered_branches": 0, "missing_branches": 10}, "missing_lines": [7, 8, 9, 10, 11, 12, 13, 16, 19, 27, 30, 34, 36, 38, 39, 40, 42, 43, 45, 46, 47, 48, 50, 51, 52, 54, 55, 57, 58, 60, 61, 63, 64, 65, 66, 69, 70, 71, 73, 74, 75, 76, 79, 84, 85, 86, 87, 90, 93, 94, 95, 96, 97, 98, 99, 100, 101, 102, 103, 104, 105, 106, 107, 108, 109, 112, 152, 153, 155, 156, 157, 158, 161, 162, 163, 164, 165, 166, 167, 170, 171, 174], "excluded_lines": [177, 178, 179, 180], "executed_branches": [], "missing_branches": [[45, 46], [45, 50], [47, 48], [47, 50], [54, 55], [54, 161], [63, 64], [63, 69], [84, 85], [84, 90]]}}}}, "totals": {"covered_lines": 1476, "num_statements": 3019, "percent_covered": 42.80144806460596, "percent_covered_display": "42.80", "missing_lines": 1543, "excluded_lines": 67, "num_branches": 572, "num_partial_branches": 33, "covered_branches": 61, "missing_branches": 511}}